{"/Users/ginguyen/Desktop/Projects/my/myvault/packages/fluxdom/src/emitter.ts": {"path":"/Users/ginguyen/Desktop/Projects/my/myvault/packages/fluxdom/src/emitter.ts","all":false,"statementMap":{"0":{"start":{"line":1,"column":0},"end":{"line":1,"column":71}},"1":{"start":{"line":2,"column":0},"end":{"line":2,"column":0}},"2":{"start":{"line":3,"column":0},"end":{"line":3,"column":24}},"3":{"start":{"line":4,"column":0},"end":{"line":4,"column":0}},"4":{"start":{"line":5,"column":0},"end":{"line":5,"column":22}},"5":{"start":{"line":6,"column":0},"end":{"line":6,"column":0}},"6":{"start":{"line":7,"column":0},"end":{"line":7,"column":3}},"7":{"start":{"line":8,"column":0},"end":{"line":8,"column":65}},"8":{"start":{"line":9,"column":0},"end":{"line":9,"column":45}},"9":{"start":{"line":10,"column":0},"end":{"line":10,"column":3}},"10":{"start":{"line":11,"column":0},"end":{"line":11,"column":51}},"11":{"start":{"line":12,"column":0},"end":{"line":12,"column":36}},"12":{"start":{"line":13,"column":0},"end":{"line":13,"column":39}},"13":{"start":{"line":14,"column":0},"end":{"line":14,"column":37}},"14":{"start":{"line":15,"column":0},"end":{"line":15,"column":53}},"15":{"start":{"line":16,"column":0},"end":{"line":16,"column":45}},"16":{"start":{"line":17,"column":0},"end":{"line":17,"column":29}},"17":{"start":{"line":18,"column":0},"end":{"line":18,"column":0}},"18":{"start":{"line":19,"column":0},"end":{"line":19,"column":49}},"19":{"start":{"line":20,"column":0},"end":{"line":20,"column":61}},"20":{"start":{"line":21,"column":0},"end":{"line":21,"column":67}},"21":{"start":{"line":22,"column":0},"end":{"line":22,"column":3}},"22":{"start":{"line":23,"column":0},"end":{"line":23,"column":0}},"23":{"start":{"line":24,"column":0},"end":{"line":24,"column":24}},"24":{"start":{"line":25,"column":0},"end":{"line":25,"column":32}},"25":{"start":{"line":26,"column":0},"end":{"line":26,"column":4}},"26":{"start":{"line":27,"column":0},"end":{"line":27,"column":0}},"27":{"start":{"line":28,"column":0},"end":{"line":28,"column":28}},"28":{"start":{"line":29,"column":0},"end":{"line":29,"column":27}},"29":{"start":{"line":30,"column":0},"end":{"line":30,"column":4}},"30":{"start":{"line":31,"column":0},"end":{"line":31,"column":0}},"31":{"start":{"line":32,"column":0},"end":{"line":32,"column":70}},"32":{"start":{"line":33,"column":0},"end":{"line":33,"column":36}},"33":{"start":{"line":34,"column":0},"end":{"line":34,"column":0}},"34":{"start":{"line":35,"column":0},"end":{"line":35,"column":40}},"35":{"start":{"line":36,"column":0},"end":{"line":36,"column":35}},"36":{"start":{"line":37,"column":0},"end":{"line":37,"column":50}},"37":{"start":{"line":38,"column":0},"end":{"line":38,"column":24}},"38":{"start":{"line":39,"column":0},"end":{"line":39,"column":27}},"39":{"start":{"line":40,"column":0},"end":{"line":40,"column":12}},"40":{"start":{"line":41,"column":0},"end":{"line":41,"column":40}},"41":{"start":{"line":42,"column":0},"end":{"line":42,"column":77}},"42":{"start":{"line":43,"column":0},"end":{"line":43,"column":77}},"43":{"start":{"line":44,"column":0},"end":{"line":44,"column":25}},"44":{"start":{"line":45,"column":0},"end":{"line":45,"column":28}},"45":{"start":{"line":46,"column":0},"end":{"line":46,"column":0}},"46":{"start":{"line":47,"column":0},"end":{"line":47,"column":22}},"47":{"start":{"line":48,"column":0},"end":{"line":48,"column":23}},"48":{"start":{"line":49,"column":0},"end":{"line":49,"column":41}},"49":{"start":{"line":50,"column":0},"end":{"line":50,"column":28}},"50":{"start":{"line":51,"column":0},"end":{"line":51,"column":62}},"51":{"start":{"line":52,"column":0},"end":{"line":52,"column":53}},"52":{"start":{"line":53,"column":0},"end":{"line":53,"column":13}},"53":{"start":{"line":54,"column":0},"end":{"line":54,"column":11}},"54":{"start":{"line":55,"column":0},"end":{"line":55,"column":10}},"55":{"start":{"line":56,"column":0},"end":{"line":56,"column":8}},"56":{"start":{"line":57,"column":0},"end":{"line":57,"column":5}},"57":{"start":{"line":58,"column":0},"end":{"line":58,"column":0}},"58":{"start":{"line":59,"column":0},"end":{"line":59,"column":62}},"59":{"start":{"line":60,"column":0},"end":{"line":60,"column":26}},"60":{"start":{"line":61,"column":0},"end":{"line":61,"column":48}},"61":{"start":{"line":62,"column":0},"end":{"line":62,"column":53}},"62":{"start":{"line":63,"column":0},"end":{"line":63,"column":34}},"63":{"start":{"line":64,"column":0},"end":{"line":64,"column":7}},"64":{"start":{"line":65,"column":0},"end":{"line":65,"column":18}},"65":{"start":{"line":66,"column":0},"end":{"line":66,"column":5}},"66":{"start":{"line":67,"column":0},"end":{"line":67,"column":0}},"67":{"start":{"line":68,"column":0},"end":{"line":68,"column":38}},"68":{"start":{"line":69,"column":0},"end":{"line":69,"column":51}},"69":{"start":{"line":70,"column":0},"end":{"line":70,"column":38}},"70":{"start":{"line":71,"column":0},"end":{"line":71,"column":5}},"71":{"start":{"line":72,"column":0},"end":{"line":72,"column":0}},"72":{"start":{"line":73,"column":0},"end":{"line":73,"column":18}},"73":{"start":{"line":74,"column":0},"end":{"line":74,"column":53}},"74":{"start":{"line":75,"column":0},"end":{"line":75,"column":43}},"75":{"start":{"line":76,"column":0},"end":{"line":76,"column":7}},"76":{"start":{"line":77,"column":0},"end":{"line":77,"column":6}},"77":{"start":{"line":78,"column":0},"end":{"line":78,"column":4}},"78":{"start":{"line":79,"column":0},"end":{"line":79,"column":0}},"79":{"start":{"line":80,"column":0},"end":{"line":80,"column":32}},"80":{"start":{"line":81,"column":0},"end":{"line":81,"column":32}},"81":{"start":{"line":82,"column":0},"end":{"line":82,"column":40}},"82":{"start":{"line":83,"column":0},"end":{"line":83,"column":4}},"83":{"start":{"line":84,"column":0},"end":{"line":84,"column":0}},"84":{"start":{"line":85,"column":0},"end":{"line":85,"column":36}},"85":{"start":{"line":86,"column":0},"end":{"line":86,"column":32}},"86":{"start":{"line":87,"column":0},"end":{"line":87,"column":39}},"87":{"start":{"line":88,"column":0},"end":{"line":88,"column":4}},"88":{"start":{"line":89,"column":0},"end":{"line":89,"column":0}},"89":{"start":{"line":90,"column":0},"end":{"line":90,"column":23}},"90":{"start":{"line":91,"column":0},"end":{"line":91,"column":28}},"91":{"start":{"line":92,"column":0},"end":{"line":92,"column":4}},"92":{"start":{"line":93,"column":0},"end":{"line":93,"column":0}},"93":{"start":{"line":94,"column":0},"end":{"line":94,"column":40}},"94":{"start":{"line":95,"column":0},"end":{"line":95,"column":32}},"95":{"start":{"line":96,"column":0},"end":{"line":96,"column":39}},"96":{"start":{"line":97,"column":0},"end":{"line":97,"column":4}},"97":{"start":{"line":98,"column":0},"end":{"line":98,"column":0}},"98":{"start":{"line":99,"column":0},"end":{"line":99,"column":44}},"99":{"start":{"line":100,"column":0},"end":{"line":100,"column":32}},"100":{"start":{"line":101,"column":0},"end":{"line":101,"column":38}},"101":{"start":{"line":102,"column":0},"end":{"line":102,"column":4}},"102":{"start":{"line":103,"column":0},"end":{"line":103,"column":0}},"103":{"start":{"line":104,"column":0},"end":{"line":104,"column":34}},"104":{"start":{"line":105,"column":0},"end":{"line":105,"column":32}},"105":{"start":{"line":106,"column":0},"end":{"line":106,"column":35}},"106":{"start":{"line":107,"column":0},"end":{"line":107,"column":27}},"107":{"start":{"line":108,"column":0},"end":{"line":108,"column":39}},"108":{"start":{"line":109,"column":0},"end":{"line":109,"column":4}},"109":{"start":{"line":110,"column":0},"end":{"line":110,"column":0}},"110":{"start":{"line":111,"column":0},"end":{"line":111,"column":5}},"111":{"start":{"line":112,"column":0},"end":{"line":112,"column":34}},"112":{"start":{"line":113,"column":0},"end":{"line":113,"column":63}},"113":{"start":{"line":114,"column":0},"end":{"line":114,"column":5}},"114":{"start":{"line":115,"column":0},"end":{"line":115,"column":74}},"115":{"start":{"line":116,"column":0},"end":{"line":116,"column":38}},"116":{"start":{"line":117,"column":0},"end":{"line":117,"column":32}},"117":{"start":{"line":118,"column":0},"end":{"line":118,"column":27}},"118":{"start":{"line":119,"column":0},"end":{"line":119,"column":0}},"119":{"start":{"line":120,"column":0},"end":{"line":120,"column":92}},"120":{"start":{"line":121,"column":0},"end":{"line":121,"column":39}},"121":{"start":{"line":122,"column":0},"end":{"line":122,"column":16}},"122":{"start":{"line":123,"column":0},"end":{"line":123,"column":24}},"123":{"start":{"line":124,"column":0},"end":{"line":124,"column":5}},"124":{"start":{"line":125,"column":0},"end":{"line":125,"column":0}},"125":{"start":{"line":126,"column":0},"end":{"line":126,"column":55}},"126":{"start":{"line":127,"column":0},"end":{"line":127,"column":15}},"127":{"start":{"line":128,"column":0},"end":{"line":128,"column":43}},"128":{"start":{"line":129,"column":0},"end":{"line":129,"column":26}},"129":{"start":{"line":130,"column":0},"end":{"line":130,"column":7}},"130":{"start":{"line":131,"column":0},"end":{"line":131,"column":12}},"131":{"start":{"line":132,"column":0},"end":{"line":132,"column":38}},"132":{"start":{"line":133,"column":0},"end":{"line":133,"column":26}},"133":{"start":{"line":134,"column":0},"end":{"line":134,"column":7}},"134":{"start":{"line":135,"column":0},"end":{"line":135,"column":5}},"135":{"start":{"line":136,"column":0},"end":{"line":136,"column":4}},"136":{"start":{"line":137,"column":0},"end":{"line":137,"column":1}},"137":{"start":{"line":138,"column":0},"end":{"line":138,"column":0}},"138":{"start":{"line":139,"column":0},"end":{"line":139,"column":3}},"139":{"start":{"line":140,"column":0},"end":{"line":140,"column":65}},"140":{"start":{"line":141,"column":0},"end":{"line":141,"column":2}},"141":{"start":{"line":142,"column":0},"end":{"line":142,"column":77}},"142":{"start":{"line":143,"column":0},"end":{"line":143,"column":89}},"143":{"start":{"line":144,"column":0},"end":{"line":144,"column":2}},"144":{"start":{"line":145,"column":0},"end":{"line":145,"column":12}},"145":{"start":{"line":146,"column":0},"end":{"line":146,"column":64}},"146":{"start":{"line":147,"column":0},"end":{"line":147,"column":44}},"147":{"start":{"line":148,"column":0},"end":{"line":148,"column":47}},"148":{"start":{"line":149,"column":0},"end":{"line":149,"column":32}},"149":{"start":{"line":150,"column":0},"end":{"line":150,"column":57}},"150":{"start":{"line":151,"column":0},"end":{"line":151,"column":2}},"151":{"start":{"line":152,"column":0},"end":{"line":152,"column":89}},"152":{"start":{"line":153,"column":0},"end":{"line":153,"column":63}},"153":{"start":{"line":154,"column":0},"end":{"line":154,"column":2}},"154":{"start":{"line":155,"column":0},"end":{"line":155,"column":11}},"155":{"start":{"line":156,"column":0},"end":{"line":156,"column":8}},"156":{"start":{"line":157,"column":0},"end":{"line":157,"column":42}},"157":{"start":{"line":158,"column":0},"end":{"line":158,"column":2}},"158":{"start":{"line":159,"column":0},"end":{"line":159,"column":25}},"159":{"start":{"line":160,"column":0},"end":{"line":160,"column":53}},"160":{"start":{"line":161,"column":0},"end":{"line":161,"column":39}},"161":{"start":{"line":162,"column":0},"end":{"line":162,"column":6}},"162":{"start":{"line":163,"column":0},"end":{"line":163,"column":2}},"163":{"start":{"line":164,"column":0},"end":{"line":164,"column":19}},"164":{"start":{"line":165,"column":0},"end":{"line":165,"column":57}},"165":{"start":{"line":166,"column":0},"end":{"line":166,"column":2}},"166":{"start":{"line":167,"column":0},"end":{"line":167,"column":17}},"167":{"start":{"line":168,"column":0},"end":{"line":168,"column":17}},"168":{"start":{"line":169,"column":0},"end":{"line":169,"column":2}},"169":{"start":{"line":170,"column":0},"end":{"line":170,"column":25}},"170":{"start":{"line":171,"column":0},"end":{"line":171,"column":24}},"171":{"start":{"line":172,"column":0},"end":{"line":172,"column":6}},"172":{"start":{"line":173,"column":0},"end":{"line":173,"column":3}},"173":{"start":{"line":174,"column":0},"end":{"line":174,"column":34}},"174":{"start":{"line":175,"column":0},"end":{"line":175,"column":34}},"175":{"start":{"line":176,"column":0},"end":{"line":176,"column":15}},"176":{"start":{"line":177,"column":0},"end":{"line":177,"column":46}},"177":{"start":{"line":178,"column":0},"end":{"line":178,"column":1}}},"s":{"0":1,"1":1,"2":1,"3":1,"4":1,"5":1,"6":1,"7":1,"8":1,"9":1,"10":236,"11":236,"12":236,"13":236,"14":236,"15":236,"16":236,"17":236,"18":236,"19":236,"20":236,"21":236,"22":236,"23":236,"24":11,"25":11,"26":236,"27":236,"28":4,"29":4,"30":236,"31":236,"32":90,"33":90,"34":90,"35":81,"36":81,"37":3,"38":78,"39":90,"40":9,"41":9,"42":9,"43":2,"44":7,"45":9,"46":9,"47":9,"48":11,"49":11,"50":9,"51":11,"52":11,"53":9,"54":11,"55":9,"56":9,"57":90,"58":90,"59":90,"60":6,"61":6,"62":7,"63":7,"64":6,"65":6,"66":84,"67":84,"68":88,"69":87,"70":87,"71":84,"72":84,"73":10,"74":11,"75":11,"76":10,"77":90,"78":236,"79":236,"80":146,"81":143,"82":146,"83":236,"84":236,"85":5,"86":3,"87":5,"88":236,"89":236,"90":3,"91":3,"92":236,"93":236,"94":5,"95":3,"96":5,"97":236,"98":236,"99":5,"100":3,"101":5,"102":236,"103":236,"104":15,"105":13,"106":13,"107":13,"108":15,"109":236,"110":236,"111":236,"112":236,"113":236,"114":236,"115":165,"116":165,"117":165,"118":54,"119":54,"120":54,"121":165,"122":10,"123":10,"124":54,"125":54,"126":165,"127":4,"128":11,"129":11,"130":165,"131":50,"132":57,"133":57,"134":50,"135":165,"136":236,"137":1,"138":1,"139":1,"140":1,"141":1,"142":1,"143":1,"144":1,"145":1,"146":1,"147":1,"148":1,"149":1,"150":1,"151":1,"152":1,"153":1,"154":1,"155":1,"156":1,"157":1,"158":1,"159":1,"160":1,"161":1,"162":1,"163":1,"164":1,"165":1,"166":1,"167":1,"168":1,"169":1,"170":1,"171":1,"172":1,"173":1,"174":236,"175":236,"176":236,"177":236},"branchMap":{"0":{"type":"branch","line":5,"loc":{"start":{"line":5,"column":13},"end":{"line":5,"column":22}},"locations":[{"start":{"line":5,"column":13},"end":{"line":5,"column":22}}]},"1":{"type":"branch","line":11,"loc":{"start":{"line":11,"column":0},"end":{"line":137,"column":1}},"locations":[{"start":{"line":11,"column":0},"end":{"line":137,"column":1}}]},"2":{"type":"branch","line":19,"loc":{"start":{"line":19,"column":2},"end":{"line":22,"column":3}},"locations":[{"start":{"line":19,"column":2},"end":{"line":22,"column":3}}]},"3":{"type":"branch","line":24,"loc":{"start":{"line":24,"column":9},"end":{"line":26,"column":4}},"locations":[{"start":{"line":24,"column":9},"end":{"line":26,"column":4}}]},"4":{"type":"branch","line":28,"loc":{"start":{"line":28,"column":12},"end":{"line":30,"column":4}},"locations":[{"start":{"line":28,"column":12},"end":{"line":30,"column":4}}]},"5":{"type":"branch","line":32,"loc":{"start":{"line":32,"column":7},"end":{"line":78,"column":4}},"locations":[{"start":{"line":32,"column":7},"end":{"line":78,"column":4}}]},"6":{"type":"branch","line":35,"loc":{"start":{"line":35,"column":39},"end":{"line":40,"column":11}},"locations":[{"start":{"line":35,"column":39},"end":{"line":40,"column":11}}]},"7":{"type":"branch","line":37,"loc":{"start":{"line":37,"column":49},"end":{"line":38,"column":24}},"locations":[{"start":{"line":37,"column":49},"end":{"line":38,"column":24}}]},"8":{"type":"branch","line":38,"loc":{"start":{"line":38,"column":10},"end":{"line":39,"column":27}},"locations":[{"start":{"line":38,"column":10},"end":{"line":39,"column":27}}]},"9":{"type":"branch","line":40,"loc":{"start":{"line":40,"column":4},"end":{"line":57,"column":5}},"locations":[{"start":{"line":40,"column":4},"end":{"line":57,"column":5}}]},"10":{"type":"branch","line":43,"loc":{"start":{"line":43,"column":76},"end":{"line":44,"column":25}},"locations":[{"start":{"line":43,"column":76},"end":{"line":44,"column":25}}]},"11":{"type":"branch","line":44,"loc":{"start":{"line":44,"column":10},"end":{"line":45,"column":28}},"locations":[{"start":{"line":44,"column":10},"end":{"line":45,"column":28}}]},"12":{"type":"branch","line":60,"loc":{"start":{"line":60,"column":25},"end":{"line":66,"column":5}},"locations":[{"start":{"line":60,"column":25},"end":{"line":66,"column":5}}]},"13":{"type":"branch","line":62,"loc":{"start":{"line":62,"column":52},"end":{"line":64,"column":7}},"locations":[{"start":{"line":62,"column":52},"end":{"line":64,"column":7}}]},"14":{"type":"branch","line":66,"loc":{"start":{"line":66,"column":4},"end":{"line":77,"column":6}},"locations":[{"start":{"line":66,"column":4},"end":{"line":77,"column":6}}]},"15":{"type":"branch","line":66,"loc":{"start":{"line":66,"column":4},"end":{"line":69,"column":50}},"locations":[{"start":{"line":66,"column":4},"end":{"line":69,"column":50}}]},"16":{"type":"branch","line":69,"loc":{"start":{"line":69,"column":50},"end":{"line":71,"column":5}},"locations":[{"start":{"line":69,"column":50},"end":{"line":71,"column":5}}]},"17":{"type":"branch","line":71,"loc":{"start":{"line":71,"column":4},"end":{"line":77,"column":6}},"locations":[{"start":{"line":71,"column":4},"end":{"line":77,"column":6}}]},"18":{"type":"branch","line":48,"loc":{"start":{"line":48,"column":8},"end":{"line":55,"column":10}},"locations":[{"start":{"line":48,"column":8},"end":{"line":55,"column":10}}]},"19":{"type":"branch","line":50,"loc":{"start":{"line":50,"column":27},"end":{"line":54,"column":11}},"locations":[{"start":{"line":50,"column":27},"end":{"line":54,"column":11}}]},"20":{"type":"branch","line":51,"loc":{"start":{"line":51,"column":61},"end":{"line":53,"column":13}},"locations":[{"start":{"line":51,"column":61},"end":{"line":53,"column":13}}]},"21":{"type":"branch","line":73,"loc":{"start":{"line":73,"column":11},"end":{"line":77,"column":6}},"locations":[{"start":{"line":73,"column":11},"end":{"line":77,"column":6}}]},"22":{"type":"branch","line":74,"loc":{"start":{"line":74,"column":52},"end":{"line":76,"column":7}},"locations":[{"start":{"line":74,"column":52},"end":{"line":76,"column":7}}]},"23":{"type":"branch","line":80,"loc":{"start":{"line":80,"column":9},"end":{"line":83,"column":4}},"locations":[{"start":{"line":80,"column":9},"end":{"line":83,"column":4}}]},"24":{"type":"branch","line":81,"loc":{"start":{"line":81,"column":25},"end":{"line":81,"column":32}},"locations":[{"start":{"line":81,"column":25},"end":{"line":81,"column":32}}]},"25":{"type":"branch","line":81,"loc":{"start":{"line":81,"column":25},"end":{"line":82,"column":40}},"locations":[{"start":{"line":81,"column":25},"end":{"line":82,"column":40}}]},"26":{"type":"branch","line":85,"loc":{"start":{"line":85,"column":13},"end":{"line":88,"column":4}},"locations":[{"start":{"line":85,"column":13},"end":{"line":88,"column":4}}]},"27":{"type":"branch","line":86,"loc":{"start":{"line":86,"column":25},"end":{"line":87,"column":39}},"locations":[{"start":{"line":86,"column":25},"end":{"line":87,"column":39}}]},"28":{"type":"branch","line":86,"loc":{"start":{"line":86,"column":25},"end":{"line":86,"column":32}},"locations":[{"start":{"line":86,"column":25},"end":{"line":86,"column":32}}]},"29":{"type":"branch","line":86,"loc":{"start":{"line":86,"column":25},"end":{"line":87,"column":39}},"locations":[{"start":{"line":86,"column":25},"end":{"line":87,"column":39}}]},"30":{"type":"branch","line":90,"loc":{"start":{"line":90,"column":10},"end":{"line":92,"column":4}},"locations":[{"start":{"line":90,"column":10},"end":{"line":92,"column":4}}]},"31":{"type":"branch","line":94,"loc":{"start":{"line":94,"column":17},"end":{"line":97,"column":4}},"locations":[{"start":{"line":94,"column":17},"end":{"line":97,"column":4}}]},"32":{"type":"branch","line":95,"loc":{"start":{"line":95,"column":25},"end":{"line":96,"column":39}},"locations":[{"start":{"line":95,"column":25},"end":{"line":96,"column":39}}]},"33":{"type":"branch","line":95,"loc":{"start":{"line":95,"column":25},"end":{"line":95,"column":32}},"locations":[{"start":{"line":95,"column":25},"end":{"line":95,"column":32}}]},"34":{"type":"branch","line":95,"loc":{"start":{"line":95,"column":25},"end":{"line":96,"column":39}},"locations":[{"start":{"line":95,"column":25},"end":{"line":96,"column":39}}]},"35":{"type":"branch","line":99,"loc":{"start":{"line":99,"column":21},"end":{"line":102,"column":4}},"locations":[{"start":{"line":99,"column":21},"end":{"line":102,"column":4}}]},"36":{"type":"branch","line":100,"loc":{"start":{"line":100,"column":25},"end":{"line":101,"column":38}},"locations":[{"start":{"line":100,"column":25},"end":{"line":101,"column":38}}]},"37":{"type":"branch","line":100,"loc":{"start":{"line":100,"column":25},"end":{"line":100,"column":32}},"locations":[{"start":{"line":100,"column":25},"end":{"line":100,"column":32}}]},"38":{"type":"branch","line":100,"loc":{"start":{"line":100,"column":25},"end":{"line":101,"column":38}},"locations":[{"start":{"line":100,"column":25},"end":{"line":101,"column":38}}]},"39":{"type":"branch","line":104,"loc":{"start":{"line":104,"column":11},"end":{"line":109,"column":4}},"locations":[{"start":{"line":104,"column":11},"end":{"line":109,"column":4}}]},"40":{"type":"branch","line":105,"loc":{"start":{"line":105,"column":25},"end":{"line":105,"column":32}},"locations":[{"start":{"line":105,"column":25},"end":{"line":105,"column":32}}]},"41":{"type":"branch","line":105,"loc":{"start":{"line":105,"column":25},"end":{"line":108,"column":39}},"locations":[{"start":{"line":105,"column":25},"end":{"line":108,"column":39}}]},"42":{"type":"branch","line":115,"loc":{"start":{"line":115,"column":20},"end":{"line":136,"column":4}},"locations":[{"start":{"line":115,"column":20},"end":{"line":136,"column":4}}]},"43":{"type":"branch","line":118,"loc":{"start":{"line":118,"column":20},"end":{"line":118,"column":27}},"locations":[{"start":{"line":118,"column":20},"end":{"line":118,"column":27}}]},"44":{"type":"branch","line":118,"loc":{"start":{"line":118,"column":20},"end":{"line":122,"column":15}},"locations":[{"start":{"line":118,"column":20},"end":{"line":122,"column":15}}]},"45":{"type":"branch","line":122,"loc":{"start":{"line":122,"column":15},"end":{"line":124,"column":5}},"locations":[{"start":{"line":122,"column":15},"end":{"line":124,"column":5}}]},"46":{"type":"branch","line":124,"loc":{"start":{"line":124,"column":4},"end":{"line":127,"column":14}},"locations":[{"start":{"line":124,"column":4},"end":{"line":127,"column":14}}]},"47":{"type":"branch","line":127,"loc":{"start":{"line":127,"column":14},"end":{"line":131,"column":11}},"locations":[{"start":{"line":127,"column":14},"end":{"line":131,"column":11}}]},"48":{"type":"branch","line":128,"loc":{"start":{"line":128,"column":42},"end":{"line":130,"column":7}},"locations":[{"start":{"line":128,"column":42},"end":{"line":130,"column":7}}]},"49":{"type":"branch","line":131,"loc":{"start":{"line":131,"column":4},"end":{"line":135,"column":5}},"locations":[{"start":{"line":131,"column":4},"end":{"line":135,"column":5}}]},"50":{"type":"branch","line":132,"loc":{"start":{"line":132,"column":37},"end":{"line":134,"column":7}},"locations":[{"start":{"line":132,"column":37},"end":{"line":134,"column":7}}]},"51":{"type":"branch","line":174,"loc":{"start":{"line":174,"column":7},"end":{"line":178,"column":1}},"locations":[{"start":{"line":174,"column":7},"end":{"line":178,"column":1}}]}},"b":{"0":[2],"1":[236],"2":[236],"3":[11],"4":[4],"5":[90],"6":[81],"7":[3],"8":[78],"9":[9],"10":[2],"11":[7],"12":[6],"13":[7],"14":[88],"15":[84],"16":[87],"17":[84],"18":[11],"19":[9],"20":[11],"21":[10],"22":[11],"23":[146],"24":[3],"25":[143],"26":[5],"27":[4],"28":[2],"29":[3],"30":[3],"31":[5],"32":[4],"33":[2],"34":[3],"35":[5],"36":[4],"37":[2],"38":[3],"39":[15],"40":[2],"41":[13],"42":[165],"43":[111],"44":[54],"45":[10],"46":[54],"47":[4],"48":[11],"49":[50],"50":[57],"51":[236]},"fnMap":{"0":{"name":"noop","decl":{"start":{"line":5,"column":13},"end":{"line":5,"column":22}},"loc":{"start":{"line":5,"column":13},"end":{"line":5,"column":22}},"line":5},"1":{"name":"<instance_members_initializer>","decl":{"start":{"line":11,"column":0},"end":{"line":137,"column":1}},"loc":{"start":{"line":11,"column":0},"end":{"line":137,"column":1}},"line":11},"2":{"name":"EmitterImpl","decl":{"start":{"line":19,"column":2},"end":{"line":22,"column":3}},"loc":{"start":{"line":19,"column":2},"end":{"line":22,"column":3}},"line":19},"3":{"name":"size","decl":{"start":{"line":24,"column":9},"end":{"line":26,"column":4}},"loc":{"start":{"line":24,"column":9},"end":{"line":26,"column":4}},"line":24},"4":{"name":"settled","decl":{"start":{"line":28,"column":12},"end":{"line":30,"column":4}},"loc":{"start":{"line":28,"column":12},"end":{"line":30,"column":4}},"line":28},"5":{"name":"on","decl":{"start":{"line":32,"column":7},"end":{"line":78,"column":4}},"loc":{"start":{"line":32,"column":7},"end":{"line":78,"column":4}},"line":32},"6":{"name":"newListeners","decl":{"start":{"line":48,"column":8},"end":{"line":55,"column":10}},"loc":{"start":{"line":48,"column":8},"end":{"line":55,"column":10}},"line":48},"7":{"name":"emit","decl":{"start":{"line":80,"column":9},"end":{"line":83,"column":4}},"loc":{"start":{"line":80,"column":9},"end":{"line":83,"column":4}},"line":80},"8":{"name":"emitLifo","decl":{"start":{"line":85,"column":13},"end":{"line":88,"column":4}},"loc":{"start":{"line":85,"column":13},"end":{"line":88,"column":4}},"line":85},"9":{"name":"clear","decl":{"start":{"line":90,"column":10},"end":{"line":92,"column":4}},"loc":{"start":{"line":90,"column":10},"end":{"line":92,"column":4}},"line":90},"10":{"name":"emitAndClear","decl":{"start":{"line":94,"column":17},"end":{"line":97,"column":4}},"loc":{"start":{"line":94,"column":17},"end":{"line":97,"column":4}},"line":94},"11":{"name":"emitAndClearLifo","decl":{"start":{"line":99,"column":21},"end":{"line":102,"column":4}},"loc":{"start":{"line":99,"column":21},"end":{"line":102,"column":4}},"line":99},"12":{"name":"settle","decl":{"start":{"line":104,"column":11},"end":{"line":109,"column":4}},"loc":{"start":{"line":104,"column":11},"end":{"line":109,"column":4}},"line":104},"13":{"name":"_doEmit","decl":{"start":{"line":115,"column":20},"end":{"line":136,"column":4}},"loc":{"start":{"line":115,"column":20},"end":{"line":136,"column":4}},"line":115},"14":{"name":"emitter","decl":{"start":{"line":174,"column":7},"end":{"line":178,"column":1}},"loc":{"start":{"line":174,"column":7},"end":{"line":178,"column":1}},"line":174}},"f":{"0":2,"1":236,"2":236,"3":11,"4":4,"5":90,"6":11,"7":146,"8":5,"9":3,"10":5,"11":5,"12":15,"13":165,"14":236}}
,"/Users/ginguyen/Desktop/Projects/my/myvault/packages/fluxdom/src/equality.ts": {"path":"/Users/ginguyen/Desktop/Projects/my/myvault/packages/fluxdom/src/equality.ts","all":false,"statementMap":{"0":{"start":{"line":1,"column":0},"end":{"line":1,"column":3}},"1":{"start":{"line":2,"column":0},"end":{"line":2,"column":43}},"2":{"start":{"line":3,"column":0},"end":{"line":3,"column":3}},"3":{"start":{"line":4,"column":0},"end":{"line":4,"column":0}},"4":{"start":{"line":5,"column":0},"end":{"line":5,"column":68}},"5":{"start":{"line":6,"column":0},"end":{"line":6,"column":0}},"6":{"start":{"line":7,"column":0},"end":{"line":7,"column":3}},"7":{"start":{"line":8,"column":0},"end":{"line":8,"column":31}},"8":{"start":{"line":9,"column":0},"end":{"line":9,"column":3}},"9":{"start":{"line":10,"column":0},"end":{"line":10,"column":53}},"10":{"start":{"line":11,"column":0},"end":{"line":11,"column":25}},"11":{"start":{"line":12,"column":0},"end":{"line":12,"column":1}},"12":{"start":{"line":13,"column":0},"end":{"line":13,"column":0}},"13":{"start":{"line":14,"column":0},"end":{"line":14,"column":3}},"14":{"start":{"line":15,"column":0},"end":{"line":15,"column":39}},"15":{"start":{"line":16,"column":0},"end":{"line":16,"column":54}},"16":{"start":{"line":17,"column":0},"end":{"line":17,"column":2}},"17":{"start":{"line":18,"column":0},"end":{"line":18,"column":85}},"18":{"start":{"line":19,"column":0},"end":{"line":19,"column":3}},"19":{"start":{"line":20,"column":0},"end":{"line":20,"column":32}},"20":{"start":{"line":21,"column":0},"end":{"line":21,"column":7}},"21":{"start":{"line":22,"column":0},"end":{"line":22,"column":7}},"22":{"start":{"line":23,"column":0},"end":{"line":23,"column":60}},"23":{"start":{"line":24,"column":0},"end":{"line":24,"column":12}},"24":{"start":{"line":25,"column":0},"end":{"line":25,"column":35}},"25":{"start":{"line":26,"column":0},"end":{"line":26,"column":56}},"26":{"start":{"line":27,"column":0},"end":{"line":27,"column":56}},"27":{"start":{"line":28,"column":0},"end":{"line":28,"column":0}},"28":{"start":{"line":29,"column":0},"end":{"line":29,"column":31}},"29":{"start":{"line":30,"column":0},"end":{"line":30,"column":31}},"30":{"start":{"line":31,"column":0},"end":{"line":31,"column":0}},"31":{"start":{"line":32,"column":0},"end":{"line":32,"column":50}},"32":{"start":{"line":33,"column":0},"end":{"line":33,"column":0}},"33":{"start":{"line":34,"column":0},"end":{"line":34,"column":28}},"34":{"start":{"line":35,"column":0},"end":{"line":35,"column":68}},"35":{"start":{"line":36,"column":0},"end":{"line":36,"column":67}},"36":{"start":{"line":37,"column":0},"end":{"line":37,"column":3}},"37":{"start":{"line":38,"column":0},"end":{"line":38,"column":0}},"38":{"start":{"line":39,"column":0},"end":{"line":39,"column":14}},"39":{"start":{"line":40,"column":0},"end":{"line":40,"column":1}},"40":{"start":{"line":41,"column":0},"end":{"line":41,"column":0}},"41":{"start":{"line":42,"column":0},"end":{"line":42,"column":3}},"42":{"start":{"line":43,"column":0},"end":{"line":43,"column":28}},"43":{"start":{"line":44,"column":0},"end":{"line":44,"column":63}},"44":{"start":{"line":45,"column":0},"end":{"line":45,"column":2}},"45":{"start":{"line":46,"column":0},"end":{"line":46,"column":11}},"46":{"start":{"line":47,"column":0},"end":{"line":47,"column":74}},"47":{"start":{"line":48,"column":0},"end":{"line":48,"column":3}},"48":{"start":{"line":49,"column":0},"end":{"line":49,"column":55}},"49":{"start":{"line":50,"column":0},"end":{"line":50,"column":42}},"50":{"start":{"line":51,"column":0},"end":{"line":51,"column":1}},"51":{"start":{"line":52,"column":0},"end":{"line":52,"column":0}},"52":{"start":{"line":53,"column":0},"end":{"line":53,"column":3}},"53":{"start":{"line":54,"column":0},"end":{"line":54,"column":28}},"54":{"start":{"line":55,"column":0},"end":{"line":55,"column":64}},"55":{"start":{"line":56,"column":0},"end":{"line":56,"column":2}},"56":{"start":{"line":57,"column":0},"end":{"line":57,"column":11}},"57":{"start":{"line":58,"column":0},"end":{"line":58,"column":83}},"58":{"start":{"line":59,"column":0},"end":{"line":59,"column":3}},"59":{"start":{"line":60,"column":0},"end":{"line":60,"column":55}},"60":{"start":{"line":61,"column":0},"end":{"line":61,"column":43}},"61":{"start":{"line":62,"column":0},"end":{"line":62,"column":1}},"62":{"start":{"line":63,"column":0},"end":{"line":63,"column":0}},"63":{"start":{"line":64,"column":0},"end":{"line":64,"column":3}},"64":{"start":{"line":65,"column":0},"end":{"line":65,"column":17}},"65":{"start":{"line":66,"column":0},"end":{"line":66,"column":3}},"66":{"start":{"line":67,"column":0},"end":{"line":67,"column":52}},"67":{"start":{"line":68,"column":0},"end":{"line":68,"column":35}},"68":{"start":{"line":69,"column":0},"end":{"line":69,"column":6}},"69":{"start":{"line":70,"column":0},"end":{"line":70,"column":28}},"70":{"start":{"line":71,"column":0},"end":{"line":71,"column":17}},"71":{"start":{"line":72,"column":0},"end":{"line":72,"column":28}},"72":{"start":{"line":73,"column":0},"end":{"line":73,"column":14}},"73":{"start":{"line":74,"column":0},"end":{"line":74,"column":3}},"74":{"start":{"line":75,"column":0},"end":{"line":75,"column":17}},"75":{"start":{"line":76,"column":0},"end":{"line":76,"column":0}},"76":{"start":{"line":77,"column":0},"end":{"line":77,"column":25}},"77":{"start":{"line":78,"column":0},"end":{"line":78,"column":65}},"78":{"start":{"line":79,"column":0},"end":{"line":79,"column":40}},"79":{"start":{"line":80,"column":0},"end":{"line":80,"column":47}},"80":{"start":{"line":81,"column":0},"end":{"line":81,"column":5}},"81":{"start":{"line":82,"column":0},"end":{"line":82,"column":16}},"82":{"start":{"line":83,"column":0},"end":{"line":83,"column":3}},"83":{"start":{"line":84,"column":0},"end":{"line":84,"column":0}},"84":{"start":{"line":85,"column":0},"end":{"line":85,"column":37}},"85":{"start":{"line":86,"column":0},"end":{"line":86,"column":0}},"86":{"start":{"line":87,"column":0},"end":{"line":87,"column":31}},"87":{"start":{"line":88,"column":0},"end":{"line":88,"column":31}},"88":{"start":{"line":89,"column":0},"end":{"line":89,"column":0}},"89":{"start":{"line":90,"column":0},"end":{"line":90,"column":50}},"90":{"start":{"line":91,"column":0},"end":{"line":91,"column":0}},"91":{"start":{"line":92,"column":0},"end":{"line":92,"column":28}},"92":{"start":{"line":93,"column":0},"end":{"line":93,"column":8}},"93":{"start":{"line":94,"column":0},"end":{"line":94,"column":54}},"94":{"start":{"line":95,"column":0},"end":{"line":95,"column":32}},"95":{"start":{"line":96,"column":0},"end":{"line":96,"column":5}},"96":{"start":{"line":97,"column":0},"end":{"line":97,"column":19}},"97":{"start":{"line":98,"column":0},"end":{"line":98,"column":3}},"98":{"start":{"line":99,"column":0},"end":{"line":99,"column":0}},"99":{"start":{"line":100,"column":0},"end":{"line":100,"column":14}},"100":{"start":{"line":101,"column":0},"end":{"line":101,"column":1}},"101":{"start":{"line":102,"column":0},"end":{"line":102,"column":0}},"102":{"start":{"line":103,"column":0},"end":{"line":103,"column":3}},"103":{"start":{"line":104,"column":0},"end":{"line":104,"column":43}},"104":{"start":{"line":105,"column":0},"end":{"line":105,"column":3}},"105":{"start":{"line":106,"column":0},"end":{"line":106,"column":35}},"106":{"start":{"line":107,"column":0},"end":{"line":107,"column":28}},"107":{"start":{"line":108,"column":0},"end":{"line":108,"column":28}},"108":{"start":{"line":109,"column":0},"end":{"line":109,"column":47}},"109":{"start":{"line":110,"column":0},"end":{"line":110,"column":43}},"110":{"start":{"line":111,"column":0},"end":{"line":111,"column":45}},"111":{"start":{"line":112,"column":0},"end":{"line":112,"column":45}},"112":{"start":{"line":113,"column":0},"end":{"line":113,"column":37}},"113":{"start":{"line":114,"column":0},"end":{"line":114,"column":11}},"114":{"start":{"line":115,"column":0},"end":{"line":115,"column":1}},"115":{"start":{"line":116,"column":0},"end":{"line":116,"column":0}},"116":{"start":{"line":117,"column":0},"end":{"line":117,"column":56}},"117":{"start":{"line":118,"column":0},"end":{"line":118,"column":36}},"118":{"start":{"line":119,"column":0},"end":{"line":119,"column":1}},"119":{"start":{"line":120,"column":0},"end":{"line":120,"column":0}},"120":{"start":{"line":121,"column":0},"end":{"line":121,"column":80}},"121":{"start":{"line":122,"column":0},"end":{"line":122,"column":22}},"122":{"start":{"line":123,"column":0},"end":{"line":123,"column":80}},"123":{"start":{"line":124,"column":0},"end":{"line":124,"column":0}},"124":{"start":{"line":125,"column":0},"end":{"line":125,"column":54}},"125":{"start":{"line":126,"column":0},"end":{"line":126,"column":49}},"126":{"start":{"line":127,"column":0},"end":{"line":127,"column":48}},"127":{"start":{"line":128,"column":0},"end":{"line":128,"column":59}},"128":{"start":{"line":129,"column":0},"end":{"line":129,"column":2}},"129":{"start":{"line":130,"column":0},"end":{"line":130,"column":0}},"130":{"start":{"line":131,"column":0},"end":{"line":131,"column":61}},"131":{"start":{"line":132,"column":0},"end":{"line":132,"column":33}},"132":{"start":{"line":133,"column":0},"end":{"line":133,"column":29}},"133":{"start":{"line":134,"column":0},"end":{"line":134,"column":24}},"134":{"start":{"line":135,"column":0},"end":{"line":135,"column":21}},"135":{"start":{"line":136,"column":0},"end":{"line":136,"column":23}},"136":{"start":{"line":137,"column":0},"end":{"line":137,"column":25}},"137":{"start":{"line":138,"column":0},"end":{"line":138,"column":32}},"138":{"start":{"line":139,"column":0},"end":{"line":139,"column":6}},"139":{"start":{"line":140,"column":0},"end":{"line":140,"column":5}},"140":{"start":{"line":141,"column":0},"end":{"line":141,"column":36}},"141":{"start":{"line":142,"column":0},"end":{"line":142,"column":34}},"142":{"start":{"line":143,"column":0},"end":{"line":143,"column":54}},"143":{"start":{"line":144,"column":0},"end":{"line":144,"column":26}},"144":{"start":{"line":145,"column":0},"end":{"line":145,"column":8}},"145":{"start":{"line":146,"column":0},"end":{"line":146,"column":5}},"146":{"start":{"line":147,"column":0},"end":{"line":147,"column":4}},"147":{"start":{"line":148,"column":0},"end":{"line":148,"column":1}},"148":{"start":{"line":149,"column":0},"end":{"line":149,"column":0}},"149":{"start":{"line":150,"column":0},"end":{"line":150,"column":3}},"150":{"start":{"line":151,"column":0},"end":{"line":151,"column":49}},"151":{"start":{"line":152,"column":0},"end":{"line":152,"column":3}},"152":{"start":{"line":153,"column":0},"end":{"line":153,"column":57}},"153":{"start":{"line":154,"column":0},"end":{"line":154,"column":16}},"154":{"start":{"line":155,"column":0},"end":{"line":155,"column":38}},"155":{"start":{"line":156,"column":0},"end":{"line":156,"column":10}},"156":{"start":{"line":157,"column":0},"end":{"line":157,"column":34}},"157":{"start":{"line":158,"column":0},"end":{"line":158,"column":29}},"158":{"start":{"line":159,"column":0},"end":{"line":159,"column":28}},"159":{"start":{"line":160,"column":0},"end":{"line":160,"column":25}},"160":{"start":{"line":161,"column":0},"end":{"line":161,"column":4}},"161":{"start":{"line":162,"column":0},"end":{"line":162,"column":1}},"162":{"start":{"line":163,"column":0},"end":{"line":163,"column":0}},"163":{"start":{"line":164,"column":0},"end":{"line":164,"column":3}},"164":{"start":{"line":165,"column":0},"end":{"line":165,"column":61}},"165":{"start":{"line":166,"column":0},"end":{"line":166,"column":2}},"166":{"start":{"line":167,"column":0},"end":{"line":167,"column":72}},"167":{"start":{"line":168,"column":0},"end":{"line":168,"column":57}},"168":{"start":{"line":169,"column":0},"end":{"line":169,"column":59}},"169":{"start":{"line":170,"column":0},"end":{"line":170,"column":2}},"170":{"start":{"line":171,"column":0},"end":{"line":171,"column":71}},"171":{"start":{"line":172,"column":0},"end":{"line":172,"column":26}},"172":{"start":{"line":173,"column":0},"end":{"line":173,"column":73}},"173":{"start":{"line":174,"column":0},"end":{"line":174,"column":50}},"174":{"start":{"line":175,"column":0},"end":{"line":175,"column":3}},"175":{"start":{"line":176,"column":0},"end":{"line":176,"column":32}},"176":{"start":{"line":177,"column":0},"end":{"line":177,"column":33}},"177":{"start":{"line":178,"column":0},"end":{"line":178,"column":10}},"178":{"start":{"line":179,"column":0},"end":{"line":179,"column":37}},"179":{"start":{"line":180,"column":0},"end":{"line":180,"column":17}},"180":{"start":{"line":181,"column":0},"end":{"line":181,"column":35}},"181":{"start":{"line":182,"column":0},"end":{"line":182,"column":14}},"182":{"start":{"line":183,"column":0},"end":{"line":183,"column":37}},"183":{"start":{"line":184,"column":0},"end":{"line":184,"column":59}},"184":{"start":{"line":185,"column":0},"end":{"line":185,"column":5}},"185":{"start":{"line":186,"column":0},"end":{"line":186,"column":25}},"186":{"start":{"line":187,"column":0},"end":{"line":187,"column":3}},"187":{"start":{"line":188,"column":0},"end":{"line":188,"column":0}},"188":{"start":{"line":189,"column":0},"end":{"line":189,"column":49}},"189":{"start":{"line":190,"column":0},"end":{"line":190,"column":35}},"190":{"start":{"line":191,"column":0},"end":{"line":191,"column":33}},"191":{"start":{"line":192,"column":0},"end":{"line":192,"column":57}},"192":{"start":{"line":193,"column":0},"end":{"line":193,"column":45}},"193":{"start":{"line":194,"column":0},"end":{"line":194,"column":37}},"194":{"start":{"line":195,"column":0},"end":{"line":195,"column":5}},"195":{"start":{"line":196,"column":0},"end":{"line":196,"column":54}},"196":{"start":{"line":197,"column":0},"end":{"line":197,"column":57}},"197":{"start":{"line":198,"column":0},"end":{"line":198,"column":3}},"198":{"start":{"line":199,"column":0},"end":{"line":199,"column":0}},"199":{"start":{"line":200,"column":0},"end":{"line":200,"column":37}},"200":{"start":{"line":201,"column":0},"end":{"line":201,"column":51}},"201":{"start":{"line":202,"column":0},"end":{"line":202,"column":52}},"202":{"start":{"line":203,"column":0},"end":{"line":203,"column":34}},"203":{"start":{"line":204,"column":0},"end":{"line":204,"column":7}},"204":{"start":{"line":205,"column":0},"end":{"line":205,"column":5}},"205":{"start":{"line":206,"column":0},"end":{"line":206,"column":25}},"206":{"start":{"line":207,"column":0},"end":{"line":207,"column":3}},"207":{"start":{"line":208,"column":0},"end":{"line":208,"column":0}},"208":{"start":{"line":209,"column":0},"end":{"line":209,"column":43}},"209":{"start":{"line":210,"column":0},"end":{"line":210,"column":37}},"210":{"start":{"line":211,"column":0},"end":{"line":211,"column":30}},"211":{"start":{"line":212,"column":0},"end":{"line":212,"column":3}},"212":{"start":{"line":213,"column":0},"end":{"line":213,"column":0}},"213":{"start":{"line":214,"column":0},"end":{"line":214,"column":23}},"214":{"start":{"line":215,"column":0},"end":{"line":215,"column":1}}},"s":{"0":1,"1":1,"2":1,"3":1,"4":1,"5":1,"6":1,"7":1,"8":1,"9":1,"10":91,"11":91,"12":1,"13":1,"14":1,"15":1,"16":1,"17":1,"18":1,"19":1,"20":37,"21":37,"22":37,"23":37,"24":37,"25":37,"26":37,"27":35,"28":35,"29":35,"30":35,"31":37,"32":34,"33":37,"34":38,"35":38,"36":38,"37":25,"38":25,"39":25,"40":1,"41":1,"42":1,"43":1,"44":1,"45":1,"46":1,"47":1,"48":1,"49":5,"50":5,"51":1,"52":1,"53":1,"54":1,"55":1,"56":1,"57":1,"58":1,"59":1,"60":2,"61":2,"62":1,"63":1,"64":1,"65":1,"66":1,"67":90,"68":60,"69":60,"70":56,"71":56,"72":56,"73":90,"74":90,"75":56,"76":90,"77":7,"78":7,"79":12,"80":12,"81":4,"82":4,"83":49,"84":90,"85":49,"86":49,"87":49,"88":49,"89":90,"90":49,"91":49,"92":49,"93":49,"94":49,"95":49,"96":49,"97":49,"98":42,"99":42,"100":42,"101":1,"102":1,"103":1,"104":1,"105":1,"106":28,"107":28,"108":28,"109":28,"110":28,"111":28,"112":10,"113":1,"114":1,"115":1,"116":1,"117":0,"118":0,"119":1,"120":1,"121":1,"122":1,"123":1,"124":1,"125":1,"126":1,"127":1,"128":1,"129":1,"130":1,"131":0,"132":0,"133":0,"134":0,"135":0,"136":0,"137":0,"138":0,"139":0,"140":0,"141":0,"142":0,"143":0,"144":0,"145":0,"146":0,"147":0,"148":1,"149":1,"150":1,"151":1,"152":1,"153":0,"154":0,"155":0,"156":0,"157":0,"158":0,"159":0,"160":0,"161":0,"162":1,"163":1,"164":1,"165":1,"166":1,"167":1,"168":1,"169":1,"170":1,"171":1,"172":1,"173":1,"174":1,"175":1,"176":0,"177":0,"178":0,"179":0,"180":0,"181":0,"182":0,"183":0,"184":0,"185":0,"186":0,"187":0,"188":0,"189":0,"190":0,"191":0,"192":0,"193":0,"194":0,"195":0,"196":0,"197":0,"198":0,"199":0,"200":0,"201":0,"202":0,"203":0,"204":0,"205":0,"206":0,"207":0,"208":0,"209":0,"210":0,"211":0,"212":0,"213":0,"214":0},"branchMap":{"0":{"type":"branch","line":10,"loc":{"start":{"line":10,"column":7},"end":{"line":12,"column":1}},"locations":[{"start":{"line":10,"column":7},"end":{"line":12,"column":1}}]},"1":{"type":"branch","line":20,"loc":{"start":{"line":20,"column":7},"end":{"line":40,"column":1}},"locations":[{"start":{"line":20,"column":7},"end":{"line":40,"column":1}}]},"2":{"type":"branch","line":25,"loc":{"start":{"line":25,"column":23},"end":{"line":25,"column":35}},"locations":[{"start":{"line":25,"column":23},"end":{"line":25,"column":35}}]},"3":{"type":"branch","line":25,"loc":{"start":{"line":25,"column":30},"end":{"line":26,"column":43}},"locations":[{"start":{"line":25,"column":30},"end":{"line":26,"column":43}}]},"4":{"type":"branch","line":26,"loc":{"start":{"line":26,"column":43},"end":{"line":26,"column":56}},"locations":[{"start":{"line":26,"column":43},"end":{"line":26,"column":56}}]},"5":{"type":"branch","line":26,"loc":{"start":{"line":26,"column":50},"end":{"line":27,"column":43}},"locations":[{"start":{"line":26,"column":50},"end":{"line":27,"column":43}}]},"6":{"type":"branch","line":27,"loc":{"start":{"line":27,"column":43},"end":{"line":27,"column":56}},"locations":[{"start":{"line":27,"column":43},"end":{"line":27,"column":56}}]},"7":{"type":"branch","line":27,"loc":{"start":{"line":27,"column":50},"end":{"line":32,"column":44}},"locations":[{"start":{"line":27,"column":50},"end":{"line":32,"column":44}}]},"8":{"type":"branch","line":32,"loc":{"start":{"line":32,"column":37},"end":{"line":32,"column":50}},"locations":[{"start":{"line":32,"column":37},"end":{"line":32,"column":50}}]},"9":{"type":"branch","line":32,"loc":{"start":{"line":32,"column":44},"end":{"line":34,"column":27}},"locations":[{"start":{"line":32,"column":44},"end":{"line":34,"column":27}}]},"10":{"type":"branch","line":34,"loc":{"start":{"line":34,"column":27},"end":{"line":37,"column":3}},"locations":[{"start":{"line":34,"column":27},"end":{"line":37,"column":3}}]},"11":{"type":"branch","line":35,"loc":{"start":{"line":35,"column":55},"end":{"line":35,"column":68}},"locations":[{"start":{"line":35,"column":55},"end":{"line":35,"column":68}}]},"12":{"type":"branch","line":35,"loc":{"start":{"line":35,"column":62},"end":{"line":36,"column":61}},"locations":[{"start":{"line":35,"column":62},"end":{"line":36,"column":61}}]},"13":{"type":"branch","line":36,"loc":{"start":{"line":36,"column":54},"end":{"line":36,"column":67}},"locations":[{"start":{"line":36,"column":54},"end":{"line":36,"column":67}}]},"14":{"type":"branch","line":37,"loc":{"start":{"line":37,"column":2},"end":{"line":40,"column":1}},"locations":[{"start":{"line":37,"column":2},"end":{"line":40,"column":1}}]},"15":{"type":"branch","line":49,"loc":{"start":{"line":49,"column":7},"end":{"line":51,"column":1}},"locations":[{"start":{"line":49,"column":7},"end":{"line":51,"column":1}}]},"16":{"type":"branch","line":60,"loc":{"start":{"line":60,"column":7},"end":{"line":62,"column":1}},"locations":[{"start":{"line":60,"column":7},"end":{"line":62,"column":1}}]},"17":{"type":"branch","line":67,"loc":{"start":{"line":67,"column":7},"end":{"line":101,"column":1}},"locations":[{"start":{"line":67,"column":7},"end":{"line":101,"column":1}}]},"18":{"type":"branch","line":68,"loc":{"start":{"line":68,"column":23},"end":{"line":68,"column":35}},"locations":[{"start":{"line":68,"column":23},"end":{"line":68,"column":35}}]},"19":{"type":"branch","line":68,"loc":{"start":{"line":68,"column":30},"end":{"line":70,"column":28}},"locations":[{"start":{"line":68,"column":30},"end":{"line":70,"column":28}}]},"20":{"type":"branch","line":70,"loc":{"start":{"line":70,"column":17},"end":{"line":71,"column":17}},"locations":[{"start":{"line":70,"column":17},"end":{"line":71,"column":17}}]},"21":{"type":"branch","line":71,"loc":{"start":{"line":71,"column":10},"end":{"line":72,"column":28}},"locations":[{"start":{"line":71,"column":10},"end":{"line":72,"column":28}}]},"22":{"type":"branch","line":72,"loc":{"start":{"line":72,"column":17},"end":{"line":73,"column":14}},"locations":[{"start":{"line":72,"column":17},"end":{"line":73,"column":14}}]},"23":{"type":"branch","line":75,"loc":{"start":{"line":75,"column":4},"end":{"line":75,"column":17}},"locations":[{"start":{"line":75,"column":4},"end":{"line":75,"column":17}}]},"24":{"type":"branch","line":75,"loc":{"start":{"line":75,"column":11},"end":{"line":77,"column":24}},"locations":[{"start":{"line":75,"column":11},"end":{"line":77,"column":24}}]},"25":{"type":"branch","line":77,"loc":{"start":{"line":77,"column":24},"end":{"line":83,"column":3}},"locations":[{"start":{"line":77,"column":24},"end":{"line":83,"column":3}}]},"26":{"type":"branch","line":78,"loc":{"start":{"line":78,"column":52},"end":{"line":78,"column":65}},"locations":[{"start":{"line":78,"column":52},"end":{"line":78,"column":65}}]},"27":{"type":"branch","line":79,"loc":{"start":{"line":79,"column":39},"end":{"line":81,"column":5}},"locations":[{"start":{"line":79,"column":39},"end":{"line":81,"column":5}}]},"28":{"type":"branch","line":80,"loc":{"start":{"line":80,"column":34},"end":{"line":80,"column":47}},"locations":[{"start":{"line":80,"column":34},"end":{"line":80,"column":47}}]},"29":{"type":"branch","line":81,"loc":{"start":{"line":81,"column":4},"end":{"line":83,"column":3}},"locations":[{"start":{"line":81,"column":4},"end":{"line":83,"column":3}}]},"30":{"type":"branch","line":83,"loc":{"start":{"line":83,"column":2},"end":{"line":85,"column":31}},"locations":[{"start":{"line":83,"column":2},"end":{"line":85,"column":31}}]},"31":{"type":"branch","line":85,"loc":{"start":{"line":85,"column":24},"end":{"line":85,"column":37}},"locations":[{"start":{"line":85,"column":24},"end":{"line":85,"column":37}}]},"32":{"type":"branch","line":85,"loc":{"start":{"line":85,"column":31},"end":{"line":90,"column":44}},"locations":[{"start":{"line":85,"column":31},"end":{"line":90,"column":44}}]},"33":{"type":"branch","line":90,"loc":{"start":{"line":90,"column":37},"end":{"line":90,"column":50}},"locations":[{"start":{"line":90,"column":37},"end":{"line":90,"column":50}}]},"34":{"type":"branch","line":90,"loc":{"start":{"line":90,"column":44},"end":{"line":98,"column":3}},"locations":[{"start":{"line":90,"column":44},"end":{"line":98,"column":3}}]},"35":{"type":"branch","line":97,"loc":{"start":{"line":97,"column":6},"end":{"line":97,"column":19}},"locations":[{"start":{"line":97,"column":6},"end":{"line":97,"column":19}}]},"36":{"type":"branch","line":98,"loc":{"start":{"line":98,"column":2},"end":{"line":101,"column":1}},"locations":[{"start":{"line":98,"column":2},"end":{"line":101,"column":1}}]},"37":{"type":"branch","line":106,"loc":{"start":{"line":106,"column":7},"end":{"line":115,"column":1}},"locations":[{"start":{"line":106,"column":7},"end":{"line":115,"column":1}}]},"38":{"type":"branch","line":109,"loc":{"start":{"line":109,"column":7},"end":{"line":109,"column":28}},"locations":[{"start":{"line":109,"column":7},"end":{"line":109,"column":28}}]},"39":{"type":"branch","line":109,"loc":{"start":{"line":109,"column":28},"end":{"line":110,"column":30}},"locations":[{"start":{"line":109,"column":28},"end":{"line":110,"column":30}}]},"40":{"type":"branch","line":109,"loc":{"start":{"line":109,"column":28},"end":{"line":109,"column":47}},"locations":[{"start":{"line":109,"column":28},"end":{"line":109,"column":47}}]},"41":{"type":"branch","line":109,"loc":{"start":{"line":109,"column":35},"end":{"line":110,"column":30}},"locations":[{"start":{"line":109,"column":35},"end":{"line":110,"column":30}}]},"42":{"type":"branch","line":110,"loc":{"start":{"line":110,"column":23},"end":{"line":111,"column":31}},"locations":[{"start":{"line":110,"column":23},"end":{"line":111,"column":31}}]},"43":{"type":"branch","line":110,"loc":{"start":{"line":110,"column":23},"end":{"line":110,"column":43}},"locations":[{"start":{"line":110,"column":23},"end":{"line":110,"column":43}}]},"44":{"type":"branch","line":110,"loc":{"start":{"line":110,"column":30},"end":{"line":111,"column":31}},"locations":[{"start":{"line":110,"column":30},"end":{"line":111,"column":31}}]},"45":{"type":"branch","line":111,"loc":{"start":{"line":111,"column":24},"end":{"line":111,"column":45}},"locations":[{"start":{"line":111,"column":24},"end":{"line":111,"column":45}}]},"46":{"type":"branch","line":111,"loc":{"start":{"line":111,"column":31},"end":{"line":112,"column":31}},"locations":[{"start":{"line":111,"column":31},"end":{"line":112,"column":31}}]},"47":{"type":"branch","line":112,"loc":{"start":{"line":112,"column":24},"end":{"line":112,"column":45}},"locations":[{"start":{"line":112,"column":24},"end":{"line":112,"column":45}}]},"48":{"type":"branch","line":112,"loc":{"start":{"line":112,"column":31},"end":{"line":113,"column":37}},"locations":[{"start":{"line":112,"column":31},"end":{"line":113,"column":37}}]},"49":{"type":"branch","line":112,"loc":{"start":{"line":112,"column":31},"end":{"line":113,"column":27}},"locations":[{"start":{"line":112,"column":31},"end":{"line":113,"column":27}}]},"50":{"type":"branch","line":113,"loc":{"start":{"line":113,"column":20},"end":{"line":113,"column":37}},"locations":[{"start":{"line":113,"column":20},"end":{"line":113,"column":37}}]},"51":{"type":"branch","line":113,"loc":{"start":{"line":113,"column":27},"end":{"line":115,"column":1}},"locations":[{"start":{"line":113,"column":27},"end":{"line":115,"column":1}}]}},"b":{"0":[91],"1":[37],"2":[2],"3":[35],"4":[0],"5":[35],"6":[0],"7":[35],"8":[1],"9":[34],"10":[38],"11":[1],"12":[37],"13":[8],"14":[25],"15":[5],"16":[2],"17":[90],"18":[30],"19":[60],"20":[56],"21":[56],"22":[56],"23":[4],"24":[56],"25":[7],"26":[0],"27":[12],"28":[3],"29":[4],"30":[49],"31":[0],"32":[49],"33":[0],"34":[49],"35":[7],"36":[42],"37":[28],"38":[12],"39":[26],"40":[17],"41":[11],"42":[25],"43":[4],"44":[7],"45":[0],"46":[7],"47":[0],"48":[10],"49":[7],"50":[6],"51":[1]},"fnMap":{"0":{"name":"strictEqual","decl":{"start":{"line":10,"column":7},"end":{"line":12,"column":1}},"loc":{"start":{"line":10,"column":7},"end":{"line":12,"column":1}},"line":10},"1":{"name":"shallowEqual","decl":{"start":{"line":20,"column":7},"end":{"line":40,"column":1}},"loc":{"start":{"line":20,"column":7},"end":{"line":40,"column":1}},"line":20},"2":{"name":"shallow2Equal","decl":{"start":{"line":49,"column":7},"end":{"line":51,"column":1}},"loc":{"start":{"line":49,"column":7},"end":{"line":51,"column":1}},"line":49},"3":{"name":"shallow3Equal","decl":{"start":{"line":60,"column":7},"end":{"line":62,"column":1}},"loc":{"start":{"line":60,"column":7},"end":{"line":62,"column":1}},"line":60},"4":{"name":"deepEqual","decl":{"start":{"line":67,"column":7},"end":{"line":101,"column":1}},"loc":{"start":{"line":67,"column":7},"end":{"line":101,"column":1}},"line":67},"5":{"name":"resolveEquality","decl":{"start":{"line":106,"column":7},"end":{"line":115,"column":1}},"loc":{"start":{"line":106,"column":7},"end":{"line":115,"column":1}},"line":106},"6":{"name":"equality","decl":{"start":{"line":117,"column":7},"end":{"line":119,"column":1}},"loc":{"start":{"line":117,"column":7},"end":{"line":119,"column":1}},"line":117},"7":{"name":"createStableFn","decl":{"start":{"line":131,"column":7},"end":{"line":148,"column":1}},"loc":{"start":{"line":131,"column":7},"end":{"line":148,"column":1}},"line":131},"8":{"name":"isStableFn","decl":{"start":{"line":153,"column":7},"end":{"line":162,"column":1}},"loc":{"start":{"line":153,"column":7},"end":{"line":162,"column":1}},"line":153},"9":{"name":"tryStabilize","decl":{"start":{"line":176,"column":7},"end":{"line":215,"column":1}},"loc":{"start":{"line":176,"column":7},"end":{"line":215,"column":1}},"line":176}},"f":{"0":91,"1":37,"2":5,"3":2,"4":90,"5":28,"6":0,"7":0,"8":0,"9":0}}
,"/Users/ginguyen/Desktop/Projects/my/myvault/packages/fluxdom/src/strictModeTest.tsx": {"path":"/Users/ginguyen/Desktop/Projects/my/myvault/packages/fluxdom/src/strictModeTest.tsx","all":false,"statementMap":{"0":{"start":{"line":1,"column":0},"end":{"line":1,"column":26}},"1":{"start":{"line":2,"column":0},"end":{"line":2,"column":54}},"2":{"start":{"line":3,"column":0},"end":{"line":3,"column":79}},"3":{"start":{"line":4,"column":0},"end":{"line":4,"column":0}},"4":{"start":{"line":5,"column":0},"end":{"line":5,"column":76}},"5":{"start":{"line":6,"column":0},"end":{"line":6,"column":0}},"6":{"start":{"line":7,"column":0},"end":{"line":7,"column":3}},"7":{"start":{"line":8,"column":0},"end":{"line":8,"column":41}},"8":{"start":{"line":9,"column":0},"end":{"line":9,"column":56}},"9":{"start":{"line":10,"column":0},"end":{"line":10,"column":3}},"10":{"start":{"line":11,"column":0},"end":{"line":11,"column":25}},"11":{"start":{"line":12,"column":0},"end":{"line":12,"column":67}},"12":{"start":{"line":13,"column":0},"end":{"line":13,"column":67}},"13":{"start":{"line":14,"column":0},"end":{"line":14,"column":55}},"14":{"start":{"line":15,"column":0},"end":{"line":15,"column":22}},"15":{"start":{"line":16,"column":0},"end":{"line":16,"column":24}},"16":{"start":{"line":17,"column":0},"end":{"line":17,"column":3}},"17":{"start":{"line":18,"column":0},"end":{"line":18,"column":0}},"18":{"start":{"line":19,"column":0},"end":{"line":19,"column":80}},"19":{"start":{"line":20,"column":0},"end":{"line":20,"column":12}},"20":{"start":{"line":21,"column":0},"end":{"line":21,"column":20}},"21":{"start":{"line":22,"column":0},"end":{"line":22,"column":47}},"22":{"start":{"line":23,"column":0},"end":{"line":23,"column":21}},"23":{"start":{"line":24,"column":0},"end":{"line":24,"column":6}},"24":{"start":{"line":25,"column":0},"end":{"line":25,"column":4}},"25":{"start":{"line":26,"column":0},"end":{"line":26,"column":1}},"26":{"start":{"line":27,"column":0},"end":{"line":27,"column":0}},"27":{"start":{"line":28,"column":0},"end":{"line":28,"column":64}},"28":{"start":{"line":29,"column":0},"end":{"line":29,"column":37}},"29":{"start":{"line":30,"column":0},"end":{"line":30,"column":2}},"30":{"start":{"line":31,"column":0},"end":{"line":31,"column":0}},"31":{"start":{"line":32,"column":0},"end":{"line":32,"column":24}},"32":{"start":{"line":33,"column":0},"end":{"line":33,"column":28}},"33":{"start":{"line":34,"column":0},"end":{"line":34,"column":51}},"34":{"start":{"line":35,"column":0},"end":{"line":35,"column":64}},"35":{"start":{"line":36,"column":0},"end":{"line":36,"column":32}},"36":{"start":{"line":37,"column":0},"end":{"line":37,"column":39}},"37":{"start":{"line":38,"column":0},"end":{"line":38,"column":39}},"38":{"start":{"line":39,"column":0},"end":{"line":39,"column":54}},"39":{"start":{"line":40,"column":0},"end":{"line":40,"column":7}},"40":{"start":{"line":41,"column":0},"end":{"line":41,"column":3}},"41":{"start":{"line":42,"column":0},"end":{"line":42,"column":28}},"42":{"start":{"line":43,"column":0},"end":{"line":43,"column":28}},"43":{"start":{"line":44,"column":0},"end":{"line":44,"column":41}},"44":{"start":{"line":45,"column":0},"end":{"line":45,"column":53}},"45":{"start":{"line":46,"column":0},"end":{"line":46,"column":6}},"46":{"start":{"line":47,"column":0},"end":{"line":47,"column":34}},"47":{"start":{"line":48,"column":0},"end":{"line":48,"column":43}},"48":{"start":{"line":49,"column":0},"end":{"line":49,"column":41}},"49":{"start":{"line":50,"column":0},"end":{"line":50,"column":10}},"50":{"start":{"line":51,"column":0},"end":{"line":51,"column":43}},"51":{"start":{"line":52,"column":0},"end":{"line":52,"column":6}},"52":{"start":{"line":53,"column":0},"end":{"line":53,"column":4}},"53":{"start":{"line":54,"column":0},"end":{"line":54,"column":3}},"54":{"start":{"line":55,"column":0},"end":{"line":55,"column":28}},"55":{"start":{"line":56,"column":0},"end":{"line":56,"column":31}},"56":{"start":{"line":57,"column":0},"end":{"line":57,"column":41}},"57":{"start":{"line":58,"column":0},"end":{"line":58,"column":56}},"58":{"start":{"line":59,"column":0},"end":{"line":59,"column":6}},"59":{"start":{"line":60,"column":0},"end":{"line":60,"column":34}},"60":{"start":{"line":61,"column":0},"end":{"line":61,"column":43}},"61":{"start":{"line":62,"column":0},"end":{"line":62,"column":41}},"62":{"start":{"line":63,"column":0},"end":{"line":63,"column":10}},"63":{"start":{"line":64,"column":0},"end":{"line":64,"column":46}},"64":{"start":{"line":65,"column":0},"end":{"line":65,"column":26}},"65":{"start":{"line":66,"column":0},"end":{"line":66,"column":24}},"66":{"start":{"line":67,"column":0},"end":{"line":67,"column":8}},"67":{"start":{"line":68,"column":0},"end":{"line":68,"column":76}},"68":{"start":{"line":69,"column":0},"end":{"line":69,"column":6}},"69":{"start":{"line":70,"column":0},"end":{"line":70,"column":4}},"70":{"start":{"line":71,"column":0},"end":{"line":71,"column":2}}},"s":{"0":1,"1":1,"2":1,"3":1,"4":1,"5":1,"6":1,"7":1,"8":1,"9":1,"10":8,"11":8,"12":8,"13":8,"14":8,"15":8,"16":8,"17":0,"18":0,"19":0,"20":0,"21":0,"22":0,"23":0,"24":0,"25":0,"26":1,"27":1,"28":9,"29":1,"30":1,"31":1,"32":1,"33":1,"34":1,"35":1,"36":1,"37":1,"38":1,"39":1,"40":1,"41":1,"42":1,"43":1,"44":0,"45":0,"46":1,"47":8,"48":8,"49":8,"50":8,"51":8,"52":1,"53":1,"54":1,"55":1,"56":1,"57":0,"58":0,"59":1,"60":8,"61":8,"62":8,"63":8,"64":8,"65":8,"66":8,"67":8,"68":8,"69":1,"70":1},"branchMap":{"0":{"type":"branch","line":11,"loc":{"start":{"line":11,"column":0},"end":{"line":26,"column":1}},"locations":[{"start":{"line":11,"column":0},"end":{"line":26,"column":1}}]},"1":{"type":"branch","line":17,"loc":{"start":{"line":17,"column":2},"end":{"line":26,"column":1}},"locations":[{"start":{"line":17,"column":2},"end":{"line":26,"column":1}}]},"2":{"type":"branch","line":28,"loc":{"start":{"line":28,"column":26},"end":{"line":29,"column":37}},"locations":[{"start":{"line":28,"column":26},"end":{"line":29,"column":37}}]},"3":{"type":"branch","line":47,"loc":{"start":{"line":47,"column":16},"end":{"line":52,"column":6}},"locations":[{"start":{"line":47,"column":16},"end":{"line":52,"column":6}}]},"4":{"type":"branch","line":60,"loc":{"start":{"line":60,"column":16},"end":{"line":69,"column":6}},"locations":[{"start":{"line":60,"column":16},"end":{"line":69,"column":6}}]},"5":{"type":"branch","line":66,"loc":{"start":{"line":66,"column":8},"end":{"line":66,"column":24}},"locations":[{"start":{"line":66,"column":8},"end":{"line":66,"column":24}}]}},"b":{"0":[8],"1":[0],"2":[9],"3":[8],"4":[8],"5":[0]},"fnMap":{"0":{"name":"DefaultWrapper","decl":{"start":{"line":5,"column":23},"end":{"line":5,"column":76}},"loc":{"start":{"line":5,"column":23},"end":{"line":5,"column":76}},"line":5},"1":{"name":"composeWrappers","decl":{"start":{"line":11,"column":0},"end":{"line":26,"column":1}},"loc":{"start":{"line":11,"column":0},"end":{"line":26,"column":1}},"line":11},"2":{"name":"ComposedWrapper","decl":{"start":{"line":19,"column":9},"end":{"line":25,"column":4}},"loc":{"start":{"line":19,"column":9},"end":{"line":25,"column":4}},"line":19},"3":{"name":"StrictModeWrapper","decl":{"start":{"line":28,"column":26},"end":{"line":29,"column":37}},"loc":{"start":{"line":28,"column":26},"end":{"line":29,"column":37}},"line":28},"4":{"name":"render","decl":{"start":{"line":44,"column":12},"end":{"line":46,"column":6}},"loc":{"start":{"line":44,"column":12},"end":{"line":46,"column":6}},"line":44},"5":{"name":"renderHook","decl":{"start":{"line":47,"column":16},"end":{"line":52,"column":6}},"loc":{"start":{"line":47,"column":16},"end":{"line":52,"column":6}},"line":47},"6":{"name":"render","decl":{"start":{"line":57,"column":12},"end":{"line":59,"column":6}},"loc":{"start":{"line":57,"column":12},"end":{"line":59,"column":6}},"line":57},"7":{"name":"renderHook","decl":{"start":{"line":60,"column":16},"end":{"line":69,"column":6}},"loc":{"start":{"line":60,"column":16},"end":{"line":69,"column":6}},"line":60}},"f":{"0":0,"1":8,"2":0,"3":9,"4":0,"5":8,"6":0,"7":8}}
,"/Users/ginguyen/Desktop/Projects/my/myvault/packages/fluxdom/src/withUse.ts": {"path":"/Users/ginguyen/Desktop/Projects/my/myvault/packages/fluxdom/src/withUse.ts","all":false,"statementMap":{"0":{"start":{"line":1,"column":0},"end":{"line":1,"column":40}},"1":{"start":{"line":2,"column":0},"end":{"line":2,"column":0}},"2":{"start":{"line":3,"column":0},"end":{"line":3,"column":3}},"3":{"start":{"line":4,"column":0},"end":{"line":4,"column":89}},"4":{"start":{"line":5,"column":0},"end":{"line":5,"column":2}},"5":{"start":{"line":6,"column":0},"end":{"line":6,"column":80}},"6":{"start":{"line":7,"column":0},"end":{"line":7,"column":74}},"7":{"start":{"line":8,"column":0},"end":{"line":8,"column":2}},"8":{"start":{"line":9,"column":0},"end":{"line":9,"column":85}},"9":{"start":{"line":10,"column":0},"end":{"line":10,"column":71}},"10":{"start":{"line":11,"column":0},"end":{"line":11,"column":86}},"11":{"start":{"line":12,"column":0},"end":{"line":12,"column":46}},"12":{"start":{"line":13,"column":0},"end":{"line":13,"column":2}},"13":{"start":{"line":14,"column":0},"end":{"line":14,"column":67}},"14":{"start":{"line":15,"column":0},"end":{"line":15,"column":55}},"15":{"start":{"line":16,"column":0},"end":{"line":16,"column":59}},"16":{"start":{"line":17,"column":0},"end":{"line":17,"column":2}},"17":{"start":{"line":18,"column":0},"end":{"line":18,"column":11}},"18":{"start":{"line":19,"column":0},"end":{"line":19,"column":33}},"19":{"start":{"line":20,"column":0},"end":{"line":20,"column":46}},"20":{"start":{"line":21,"column":0},"end":{"line":21,"column":54}},"21":{"start":{"line":22,"column":0},"end":{"line":22,"column":9}},"22":{"start":{"line":23,"column":0},"end":{"line":23,"column":39}},"23":{"start":{"line":24,"column":0},"end":{"line":24,"column":7}},"24":{"start":{"line":25,"column":0},"end":{"line":25,"column":2}},"25":{"start":{"line":26,"column":0},"end":{"line":26,"column":3}},"26":{"start":{"line":27,"column":0},"end":{"line":27,"column":66}},"27":{"start":{"line":28,"column":0},"end":{"line":28,"column":32}},"28":{"start":{"line":29,"column":0},"end":{"line":29,"column":62}},"29":{"start":{"line":30,"column":0},"end":{"line":30,"column":36}},"30":{"start":{"line":31,"column":0},"end":{"line":31,"column":70}},"31":{"start":{"line":32,"column":0},"end":{"line":32,"column":33}},"32":{"start":{"line":33,"column":0},"end":{"line":33,"column":72}},"33":{"start":{"line":34,"column":0},"end":{"line":34,"column":71}},"34":{"start":{"line":35,"column":0},"end":{"line":35,"column":30}},"35":{"start":{"line":36,"column":0},"end":{"line":36,"column":24}},"36":{"start":{"line":37,"column":0},"end":{"line":37,"column":9}},"37":{"start":{"line":38,"column":0},"end":{"line":38,"column":31}},"38":{"start":{"line":39,"column":0},"end":{"line":39,"column":7}},"39":{"start":{"line":40,"column":0},"end":{"line":40,"column":58}},"40":{"start":{"line":41,"column":0},"end":{"line":41,"column":20}},"41":{"start":{"line":42,"column":0},"end":{"line":42,"column":6}},"42":{"start":{"line":43,"column":0},"end":{"line":43,"column":27}},"43":{"start":{"line":44,"column":0},"end":{"line":44,"column":1}}},"s":{"0":1,"1":1,"2":1,"3":1,"4":1,"5":1,"6":1,"7":1,"8":1,"9":1,"10":1,"11":1,"12":1,"13":1,"14":1,"15":1,"16":1,"17":1,"18":1,"19":1,"20":1,"21":1,"22":1,"23":1,"24":1,"25":1,"26":1,"27":119,"28":119,"29":12,"30":12,"31":12,"32":10,"33":12,"34":8,"35":3,"36":3,"37":5,"38":5,"39":2,"40":2,"41":12,"42":119,"43":119},"branchMap":{"0":{"type":"branch","line":27,"loc":{"start":{"line":27,"column":7},"end":{"line":44,"column":1}},"locations":[{"start":{"line":27,"column":7},"end":{"line":44,"column":1}}]},"1":{"type":"branch","line":29,"loc":{"start":{"line":29,"column":4},"end":{"line":42,"column":6}},"locations":[{"start":{"line":29,"column":4},"end":{"line":42,"column":6}}]},"2":{"type":"branch","line":32,"loc":{"start":{"line":32,"column":19},"end":{"line":32,"column":33}},"locations":[{"start":{"line":32,"column":19},"end":{"line":32,"column":33}}]},"3":{"type":"branch","line":32,"loc":{"start":{"line":32,"column":26},"end":{"line":34,"column":40}},"locations":[{"start":{"line":32,"column":26},"end":{"line":34,"column":40}}]},"4":{"type":"branch","line":34,"loc":{"start":{"line":34,"column":28},"end":{"line":34,"column":70}},"locations":[{"start":{"line":34,"column":28},"end":{"line":34,"column":70}}]},"5":{"type":"branch","line":34,"loc":{"start":{"line":34,"column":70},"end":{"line":39,"column":7}},"locations":[{"start":{"line":34,"column":70},"end":{"line":39,"column":7}}]},"6":{"type":"branch","line":35,"loc":{"start":{"line":35,"column":29},"end":{"line":37,"column":9}},"locations":[{"start":{"line":35,"column":29},"end":{"line":37,"column":9}}]},"7":{"type":"branch","line":37,"loc":{"start":{"line":37,"column":8},"end":{"line":39,"column":7}},"locations":[{"start":{"line":37,"column":8},"end":{"line":39,"column":7}}]},"8":{"type":"branch","line":39,"loc":{"start":{"line":39,"column":6},"end":{"line":41,"column":20}},"locations":[{"start":{"line":39,"column":6},"end":{"line":41,"column":20}}]}},"b":{"0":[119],"1":[12],"2":[2],"3":[10],"4":[4],"5":[8],"6":[3],"7":[5],"8":[2]},"fnMap":{"0":{"name":"withUse","decl":{"start":{"line":27,"column":7},"end":{"line":44,"column":1}},"loc":{"start":{"line":27,"column":7},"end":{"line":44,"column":1}},"line":27},"1":{"name":"use","decl":{"start":{"line":29,"column":4},"end":{"line":42,"column":6}},"loc":{"start":{"line":29,"column":4},"end":{"line":42,"column":6}},"line":29}},"f":{"0":119,"1":12}}
,"/Users/ginguyen/Desktop/Projects/my/myvault/packages/fluxdom/src/core/derived.ts": {"path":"/Users/ginguyen/Desktop/Projects/my/myvault/packages/fluxdom/src/core/derived.ts","all":false,"statementMap":{"0":{"start":{"line":1,"column":0},"end":{"line":1,"column":56}},"1":{"start":{"line":2,"column":0},"end":{"line":2,"column":37}},"2":{"start":{"line":3,"column":0},"end":{"line":3,"column":37}},"3":{"start":{"line":4,"column":0},"end":{"line":4,"column":0}},"4":{"start":{"line":5,"column":0},"end":{"line":5,"column":3}},"5":{"start":{"line":6,"column":0},"end":{"line":6,"column":68}},"6":{"start":{"line":7,"column":0},"end":{"line":7,"column":2}},"7":{"start":{"line":8,"column":0},"end":{"line":8,"column":65}},"8":{"start":{"line":9,"column":0},"end":{"line":9,"column":64}},"9":{"start":{"line":10,"column":0},"end":{"line":10,"column":2}},"10":{"start":{"line":11,"column":0},"end":{"line":11,"column":11}},"11":{"start":{"line":12,"column":0},"end":{"line":12,"column":8}},"12":{"start":{"line":13,"column":0},"end":{"line":13,"column":30}},"13":{"start":{"line":14,"column":0},"end":{"line":14,"column":13}},"14":{"start":{"line":15,"column":0},"end":{"line":15,"column":33}},"15":{"start":{"line":16,"column":0},"end":{"line":16,"column":42}},"16":{"start":{"line":17,"column":0},"end":{"line":17,"column":5}},"17":{"start":{"line":18,"column":0},"end":{"line":18,"column":6}},"18":{"start":{"line":19,"column":0},"end":{"line":19,"column":2}},"19":{"start":{"line":20,"column":0},"end":{"line":20,"column":49}},"20":{"start":{"line":21,"column":0},"end":{"line":21,"column":62}},"21":{"start":{"line":22,"column":0},"end":{"line":22,"column":61}},"22":{"start":{"line":23,"column":0},"end":{"line":23,"column":36}},"23":{"start":{"line":24,"column":0},"end":{"line":24,"column":3}},"24":{"start":{"line":25,"column":0},"end":{"line":25,"column":72}},"25":{"start":{"line":26,"column":0},"end":{"line":26,"column":15}},"26":{"start":{"line":27,"column":0},"end":{"line":27,"column":24}},"27":{"start":{"line":28,"column":0},"end":{"line":28,"column":13}},"28":{"start":{"line":29,"column":0},"end":{"line":29,"column":14}},"29":{"start":{"line":30,"column":0},"end":{"line":30,"column":74}},"30":{"start":{"line":31,"column":0},"end":{"line":31,"column":5}},"31":{"start":{"line":32,"column":0},"end":{"line":32,"column":8}},"32":{"start":{"line":33,"column":0},"end":{"line":33,"column":20}},"33":{"start":{"line":34,"column":0},"end":{"line":34,"column":31}},"34":{"start":{"line":35,"column":0},"end":{"line":35,"column":68}},"35":{"start":{"line":36,"column":0},"end":{"line":36,"column":0}},"36":{"start":{"line":37,"column":0},"end":{"line":37,"column":39}},"37":{"start":{"line":38,"column":0},"end":{"line":38,"column":40}},"38":{"start":{"line":39,"column":0},"end":{"line":39,"column":0}},"39":{"start":{"line":40,"column":0},"end":{"line":40,"column":30}},"40":{"start":{"line":41,"column":0},"end":{"line":41,"column":39}},"41":{"start":{"line":42,"column":0},"end":{"line":42,"column":36}},"42":{"start":{"line":43,"column":0},"end":{"line":43,"column":30}},"43":{"start":{"line":44,"column":0},"end":{"line":44,"column":27}},"44":{"start":{"line":45,"column":0},"end":{"line":45,"column":5}},"45":{"start":{"line":46,"column":0},"end":{"line":46,"column":4}},"46":{"start":{"line":47,"column":0},"end":{"line":47,"column":0}},"47":{"start":{"line":48,"column":0},"end":{"line":48,"column":34}},"48":{"start":{"line":49,"column":0},"end":{"line":49,"column":56}},"49":{"start":{"line":50,"column":0},"end":{"line":50,"column":0}},"50":{"start":{"line":51,"column":0},"end":{"line":51,"column":49}},"51":{"start":{"line":52,"column":0},"end":{"line":52,"column":9}},"52":{"start":{"line":53,"column":0},"end":{"line":53,"column":17}},"53":{"start":{"line":54,"column":0},"end":{"line":54,"column":33}},"54":{"start":{"line":55,"column":0},"end":{"line":55,"column":41}},"55":{"start":{"line":56,"column":0},"end":{"line":56,"column":40}},"56":{"start":{"line":57,"column":0},"end":{"line":57,"column":6}},"57":{"start":{"line":58,"column":0},"end":{"line":58,"column":5}},"58":{"start":{"line":59,"column":0},"end":{"line":59,"column":0}},"59":{"start":{"line":60,"column":0},"end":{"line":60,"column":22}},"60":{"start":{"line":61,"column":0},"end":{"line":61,"column":1}}},"s":{"0":1,"1":1,"2":1,"3":1,"4":1,"5":1,"6":1,"7":1,"8":1,"9":1,"10":1,"11":1,"12":1,"13":1,"14":1,"15":1,"16":1,"17":1,"18":1,"19":1,"20":1,"21":1,"22":1,"23":1,"24":1,"25":11,"26":11,"27":11,"28":11,"29":11,"30":11,"31":11,"32":11,"33":11,"34":14,"35":11,"36":11,"37":11,"38":11,"39":11,"40":3,"41":3,"42":3,"43":3,"44":3,"45":3,"46":11,"47":11,"48":11,"49":11,"50":11,"51":11,"52":11,"53":11,"54":11,"55":3,"56":3,"57":11,"58":11,"59":11,"60":11},"branchMap":{"0":{"type":"branch","line":25,"loc":{"start":{"line":25,"column":7},"end":{"line":61,"column":1}},"locations":[{"start":{"line":25,"column":7},"end":{"line":61,"column":1}}]},"1":{"type":"branch","line":34,"loc":{"start":{"line":34,"column":26},"end":{"line":35,"column":68}},"locations":[{"start":{"line":34,"column":26},"end":{"line":35,"column":68}}]},"2":{"type":"branch","line":35,"loc":{"start":{"line":35,"column":46},"end":{"line":35,"column":65}},"locations":[{"start":{"line":35,"column":46},"end":{"line":35,"column":65}}]},"3":{"type":"branch","line":40,"loc":{"start":{"line":40,"column":23},"end":{"line":46,"column":4}},"locations":[{"start":{"line":40,"column":23},"end":{"line":46,"column":4}}]},"4":{"type":"branch","line":49,"loc":{"start":{"line":49,"column":23},"end":{"line":49,"column":54}},"locations":[{"start":{"line":49,"column":23},"end":{"line":49,"column":54}}]},"5":{"type":"branch","line":54,"loc":{"start":{"line":54,"column":14},"end":{"line":54,"column":33}},"locations":[{"start":{"line":54,"column":14},"end":{"line":54,"column":33}}]},"6":{"type":"branch","line":55,"loc":{"start":{"line":55,"column":14},"end":{"line":57,"column":6}},"locations":[{"start":{"line":55,"column":14},"end":{"line":57,"column":6}}]}},"b":{"0":[11],"1":[14],"2":[16],"3":[3],"4":[13],"5":[3],"6":[3]},"fnMap":{"0":{"name":"derived","decl":{"start":{"line":25,"column":7},"end":{"line":61,"column":1}},"loc":{"start":{"line":25,"column":7},"end":{"line":61,"column":1}},"line":25},"1":{"name":"getDerivedState","decl":{"start":{"line":34,"column":26},"end":{"line":35,"column":68}},"loc":{"start":{"line":34,"column":26},"end":{"line":35,"column":68}},"line":34},"2":{"name":"checkUpdates","decl":{"start":{"line":40,"column":23},"end":{"line":46,"column":4}},"loc":{"start":{"line":40,"column":23},"end":{"line":46,"column":4}},"line":40},"3":{"name":"getState","decl":{"start":{"line":54,"column":14},"end":{"line":54,"column":33}},"loc":{"start":{"line":54,"column":14},"end":{"line":54,"column":33}},"line":54},"4":{"name":"onChange","decl":{"start":{"line":55,"column":14},"end":{"line":57,"column":6}},"loc":{"start":{"line":55,"column":14},"end":{"line":57,"column":6}},"line":55}},"f":{"0":11,"1":14,"2":3,"3":3,"4":3}}
,"/Users/ginguyen/Desktop/Projects/my/myvault/packages/fluxdom/src/core/domain.ts": {"path":"/Users/ginguyen/Desktop/Projects/my/myvault/packages/fluxdom/src/core/domain.ts","all":false,"statementMap":{"0":{"start":{"line":1,"column":0},"end":{"line":1,"column":8}},"1":{"start":{"line":2,"column":0},"end":{"line":2,"column":9}},"2":{"start":{"line":3,"column":0},"end":{"line":3,"column":9}},"3":{"start":{"line":4,"column":0},"end":{"line":4,"column":16}},"4":{"start":{"line":5,"column":0},"end":{"line":5,"column":15}},"5":{"start":{"line":6,"column":0},"end":{"line":6,"column":10}},"6":{"start":{"line":7,"column":0},"end":{"line":7,"column":8}},"7":{"start":{"line":8,"column":0},"end":{"line":8,"column":16}},"8":{"start":{"line":9,"column":0},"end":{"line":9,"column":16}},"9":{"start":{"line":10,"column":0},"end":{"line":10,"column":15}},"10":{"start":{"line":11,"column":0},"end":{"line":11,"column":13}},"11":{"start":{"line":12,"column":0},"end":{"line":12,"column":18}},"12":{"start":{"line":13,"column":0},"end":{"line":13,"column":0}},"13":{"start":{"line":14,"column":0},"end":{"line":14,"column":37}},"14":{"start":{"line":15,"column":0},"end":{"line":15,"column":37}},"15":{"start":{"line":16,"column":0},"end":{"line":16,"column":36}},"16":{"start":{"line":17,"column":0},"end":{"line":17,"column":0}},"17":{"start":{"line":18,"column":0},"end":{"line":18,"column":32}},"18":{"start":{"line":19,"column":0},"end":{"line":19,"column":0}},"19":{"start":{"line":20,"column":0},"end":{"line":20,"column":69}},"20":{"start":{"line":21,"column":0},"end":{"line":21,"column":15}},"21":{"start":{"line":22,"column":0},"end":{"line":22,"column":59}},"22":{"start":{"line":23,"column":0},"end":{"line":23,"column":50}},"23":{"start":{"line":24,"column":0},"end":{"line":24,"column":27}},"24":{"start":{"line":25,"column":0},"end":{"line":25,"column":61}},"25":{"start":{"line":26,"column":0},"end":{"line":26,"column":64}},"26":{"start":{"line":27,"column":0},"end":{"line":27,"column":0}},"27":{"start":{"line":28,"column":0},"end":{"line":28,"column":18}},"28":{"start":{"line":29,"column":0},"end":{"line":29,"column":64}},"29":{"start":{"line":30,"column":0},"end":{"line":30,"column":36}},"30":{"start":{"line":31,"column":0},"end":{"line":31,"column":28}},"31":{"start":{"line":32,"column":0},"end":{"line":32,"column":27}},"32":{"start":{"line":33,"column":0},"end":{"line":33,"column":6}},"33":{"start":{"line":34,"column":0},"end":{"line":34,"column":0}},"34":{"start":{"line":35,"column":0},"end":{"line":35,"column":64}},"35":{"start":{"line":36,"column":0},"end":{"line":36,"column":21}},"36":{"start":{"line":37,"column":0},"end":{"line":37,"column":18}},"37":{"start":{"line":38,"column":0},"end":{"line":38,"column":3}},"38":{"start":{"line":39,"column":0},"end":{"line":39,"column":11}},"39":{"start":{"line":40,"column":0},"end":{"line":40,"column":0}},"40":{"start":{"line":41,"column":0},"end":{"line":41,"column":20}},"41":{"start":{"line":42,"column":0},"end":{"line":42,"column":48}},"42":{"start":{"line":43,"column":0},"end":{"line":43,"column":12}},"43":{"start":{"line":44,"column":0},"end":{"line":44,"column":30}},"44":{"start":{"line":45,"column":0},"end":{"line":45,"column":20}},"45":{"start":{"line":46,"column":0},"end":{"line":46,"column":6}},"46":{"start":{"line":47,"column":0},"end":{"line":47,"column":3}},"47":{"start":{"line":48,"column":0},"end":{"line":48,"column":0}},"48":{"start":{"line":49,"column":0},"end":{"line":49,"column":36}},"49":{"start":{"line":50,"column":0},"end":{"line":50,"column":67}},"50":{"start":{"line":51,"column":0},"end":{"line":51,"column":49}},"51":{"start":{"line":52,"column":0},"end":{"line":52,"column":38}},"52":{"start":{"line":53,"column":0},"end":{"line":53,"column":0}},"53":{"start":{"line":54,"column":0},"end":{"line":54,"column":29}},"54":{"start":{"line":55,"column":0},"end":{"line":55,"column":30}},"55":{"start":{"line":56,"column":0},"end":{"line":56,"column":4}},"56":{"start":{"line":57,"column":0},"end":{"line":57,"column":0}},"57":{"start":{"line":58,"column":0},"end":{"line":58,"column":28}},"58":{"start":{"line":59,"column":0},"end":{"line":59,"column":16}},"59":{"start":{"line":60,"column":0},"end":{"line":60,"column":75}},"60":{"start":{"line":61,"column":0},"end":{"l
[...]
:0},"end":{"line":67,"column":52}},"67":{"start":{"line":68,"column":0},"end":{"line":68,"column":7}},"68":{"start":{"line":69,"column":0},"end":{"line":69,"column":13}},"69":{"start":{"line":70,"column":0},"end":{"line":70,"column":8}},"70":{"start":{"line":71,"column":0},"end":{"line":71,"column":45}},"71":{"start":{"line":72,"column":0},"end":{"line":72,"column":4}},"72":{"start":{"line":73,"column":0},"end":{"line":73,"column":0}},"73":{"start":{"line":74,"column":0},"end":{"line":74,"column":55}},"74":{"start":{"line":75,"column":0},"end":{"line":75,"column":21}},"75":{"start":{"line":76,"column":0},"end":{"line":76,"column":46}},"76":{"start":{"line":77,"column":0},"end":{"line":77,"column":69}},"77":{"start":{"line":78,"column":0},"end":{"line":78,"column":39}},"78":{"start":{"line":79,"column":0},"end":{"line":79,"column":35}},"79":{"start":{"line":80,"column":0},"end":{"line":80,"column":32}},"80":{"start":{"line":81,"column":0},"end":{"line":81,"column":8}},"81":{"start":{"line":82,"column":0},"end":{"line":82,"column":36}},"82":{"start":{"line":83,"column":0},"end":{"line":83,"column":5}},"83":{"start":{"line":84,"column":0},"end":{"line":84,"column":0}},"84":{"start":{"line":85,"column":0},"end":{"line":85,"column":44}},"85":{"start":{"line":86,"column":0},"end":{"line":86,"column":0}},"86":{"start":{"line":87,"column":0},"end":{"line":87,"column":46}},"87":{"start":{"line":88,"column":0},"end":{"line":88,"column":67}},"88":{"start":{"line":89,"column":0},"end":{"line":89,"column":37}},"89":{"start":{"line":90,"column":0},"end":{"line":90,"column":33}},"90":{"start":{"line":91,"column":0},"end":{"line":91,"column":30}},"91":{"start":{"line":92,"column":0},"end":{"line":92,"column":6}},"92":{"start":{"line":93,"column":0},"end":{"line":93,"column":70}},"93":{"start":{"line":94,"column":0},"end":{"line":94,"column":0}},"94":{"start":{"line":95,"column":0},"end":{"line":95,"column":13}},"95":{"start":{"line":96,"column":0},"end":{"line":96,"column":32}},"96":{"start":{"line":97,"column":0},"end":{"line":97,"column":50}},"97":{"start":{"line":98,"column":0},"end":{"line":98,"column":0}},"98":{"start":{"line":99,"column":0},"end":{"line":99,"column":29}},"99":{"start":{"line":100,"column":0},"end":{"line":100,"column":34}},"100":{"start":{"line":101,"column":0},"end":{"line":101,"column":32}},"101":{"start":{"line":102,"column":0},"end":{"line":102,"column":5}},"102":{"start":{"line":103,"column":0},"end":{"line":103,"column":0}},"103":{"start":{"line":104,"column":0},"end":{"line":104,"column":64}},"104":{"start":{"line":105,"column":0},"end":{"line":105,"column":4}},"105":{"start":{"line":106,"column":0},"end":{"line":106,"column":0}},"106":{"start":{"line":107,"column":0},"end":{"line":107,"column":56}},"107":{"start":{"line":108,"column":0},"end":{"line":108,"column":14}},"108":{"start":{"line":109,"column":0},"end":{"line":109,"column":47}},"109":{"start":{"line":110,"column":0},"end":{"line":110,"column":30}},"110":{"start":{"line":111,"column":0},"end":{"line":111,"column":26}},"111":{"start":{"line":112,"column":0},"end":{"line":112,"column":67}},"112":{"start":{"line":113,"column":0},"end":{"line":113,"column":37}},"113":{"start":{"line":114,"column":0},"end":{"line":114,"column":33}},"114":{"start":{"line":115,"column":0},"end":{"line":115,"column":30}},"115":{"start":{"line":116,"column":0},"end":{"line":116,"column":6}},"116":{"start":{"line":117,"column":0},"end":{"line":117,"column":70}},"117":{"start":{"line":118,"column":0},"end":{"line":118,"column":0}},"118":{"start":{"line":119,"column":0},"end":{"line":119,"column":55}},"119":{"start":{"line":120,"column":0},"end":{"line":120,"column":32}},"120":{"start":{"line":121,"column":0},"end":{"line":121,"column":70}},"121":{"start":{"line":122,"column":0},"end":{"line":122,"column":57}},"122":{"start":{"line":123,"column":0},"end":{"line":123,"column":0}},"123":{"start":{"line":124,"column":0},"end":{"line":124,"column":34}},"124":{"start":{"line":125,"column":0},"end":{"line":125,"column":32}},"125":{"start":{"line":126,"column":0},"end":{"line":126,"column":5}},"126":{"start":{"line":127,"column":0},"end":{"line":127,"column":3}},"127":{"start":{"line":128,"column":0},"end":{"line":128,"column":1}}},"s":{"0":1,"1":1,"2":1,"3":1,"4":1,"5":1,"6":1,"7":1,"8":1,"9":1,"10":1,"11":1,"12":1,"13":1,"14":1,"15":1,"16":1,"17":1,"18":1,"19":1,"20":1,"21":1,"22":1,"23":45,"24":45,"25":45,"26":45,"27":45,"28":45,"29":45,"30":45,"31":45,"32":45,"33":45,"34":45,"35":45,"36":45,"37":45,"38":45,"39":45,"40":45,"41":45,"42":45,"43":45,"44":45,"45":45,"46":45,"47":45,"48":45,"49":45,"50":45,"51":45,"52":45,"53":45,"54":45,"55":45,"56":45,"57":45,"58":45,"59":34,"60":34,"61":45,"62":45,"63":1,"64":1,"65":1,"66":1,"67":1,"68":1,"69":1,"70":1,"71":1,"72":45,"73":45,"74":31,"75":31,"76":2,"77":2,"78":2,"79":2,"80":2,"81":2,"82":2,"83":29,"84":29,"85":29,"86":29,"87":29,"88":29,"89":29,"90":29,"91":29,"92":29,"93":29,"94":29,"95":29,"96":29,"97":29,"98":29,"99":31,"100":26,"101":26,"102":29,"103":29,"104":31,"105":45,"106":45,"107":45,"108":45,"109":9,"110":9,"111":9,"112":9,"113":9,"114":9,"115":9,"116":9,"117":9,"118":9,"119":9,"120":9,"121":9,"122":9,"123":9,"124":6,"125":6,"126":9,"127":45},"branchMap":{"0":{"type":"branch","line":23,"loc":{"start":{"line":23,"column":7},"end":{"line":128,"column":1}},"locations":[{"start":{"line":23,"column":7},"end":{"line":128,"column":1}}]},"1":{"type":"branch","line":42,"loc":{"start":{"line":42,"column":2},"end":{"line":54,"column":3}},"locations":[{"start":{"line":42,"column":2},"end":{"line":54,"column":3}}]},"2":{"type":"branch","line":57,"loc":{"start":{"line":57,"column":13},"end":{"line":57,"column":30}},"locations":[{"start":{"line":57,"column":13},"end":{"line":57,"column":30}}]},"3":{"type":"branch","line":59,"loc":{"start":{"line":59,"column":13},"end":{"line":61,"column":4}},"locations":[{"start":{"line":59,"column":13},"end":{"line":61,"column":4}}]},"4":{"type":"branch","line":63,"loc":{"start":{"line":63,"column":15},"end":{"line":72,"column":4}},"locations":[{"start":{"line":63,"column":15},"end":{"line":72,"column":4}}]},"5":{"type":"branch","line":74,"loc":{"start":{"line":74,"column":13},"end":{"line":105,"column":4}},"locations":[{"start":{"line":74,"column":13},"end":{"line":105,"column":4}}]},"6":{"type":"branch","line":76,"loc":{"start":{"line":76,"column":45},"end":{"line":83,"column":5}},"locations":[{"start":{"line":76,"column":45},"end":{"line":83,"column":5}}]},"7":{"type":"branch","line":83,"loc":{"start":{"line":83,"column":4},"end":{"line":100,"column":33}},"locations":[{"start":{"line":83,"column":4},"end":{"line":100,"column":33}}]},"8":{"type":"branch","line":100,"loc":{"start":{"line":100,"column":33},"end":{"line":102,"column":5}},"locations":[{"start":{"line":100,"column":33},"end":{"line":102,"column":5}}]},"9":{"type":"branch","line":102,"loc":{"start":{"line":102,"column":4},"end":{"line":104,"column":64}},"locations":[{"start":{"line":102,"column":4},"end":{"line":104,"column":64}}]},"10":{"type":"branch","line":109,"loc":{"start":{"line":109,"column":2},"end":{"line":127,"column":3}},"locations":[{"start":{"line":109,"column":2},"end":{"line":127,"column":3}}]},"11":{"type":"branch","line":124,"loc":{"start":{"line":124,"column":33},"end":{"line":126,"column":5}},"locations":[{"start":{"line":124,"column":33},"end":{"line":126,"column":5}}]}},"b":{"0":[45],"1":[45],"2":[194],"3":[34],"4":[1],"5":[31],"6":[2],"7":[29],"8":[26],"9":[29],"10":[9],"11":[6]},"fnMap":{"0":{"name":"<instance_members_initializer>","decl":{"start":{"line":23,"column":7},"end":{"line":128,"column":1}},"loc":{"start":{"line":23,"column":7},"end":{"line":128,"column":1}},"line":23},"1":{"name":"StoreImpl","decl":{"start":{"line":42,"column":2},"end":{"line":54,"column":3}},"loc":{"start":{"line":42,"column":2},"end":{"line":54,"column":3}},"line":42},"2":{"name":"getState","decl":{"start":{"line":57,"column":13},"end":{"line":57,"column":30}},"loc":{"start":{"line":57,"column":13},"end":{"line":57,"column":30}},"line":57},"3":{"name":"onChange","decl":{"start":{"line":59,"column":13},"end":{"line":61,"column":4}},"loc":{"start":{"line":59,"column":13},"end":{"line":61,"column":4}},"line":59},"4":{"name":"onDispatch","decl":{"start":{"line":63,"column":15},"end":{"line":72,"column":4}},"loc":{"start":{"line":63,"column":15},"end":{"line":72,"column":4}},"line":63},"5":{"name":"dispatch","decl":{"start":{"line":74,"column":13},"end":{"line":105,"column":4}},"loc":{"start":{"line":74,"column":13},"end":{"line":105,"column":4}},"line":74},"6":{"name":"_receiveDomainAction","decl":{"start":{"line":109,"column":2},"end":{"line":127,"column":3}},"loc":{"start":{"line":109,"column":2},"end":{"line":127,"column":3}},"line":109}},"f":{"0":45,"1":45,"2":194,"3":34,"4":1,"5":31,"6":9}}
,"/Users/ginguyen/Desktop/Projects/my/myvault/packages/fluxdom/src/react/useSelector.ts": {"path":"/Users/ginguyen/Desktop/Projects/my/myvault/packages/fluxdom/src/react/useSelector.ts","all":false,"statementMap":{"0":{"start":{"line":1,"column":0},"end":{"line":1,"column":57}},"1":{"start":{"line":2,"column":0},"end":{"line":2,"column":45}},"2":{"start":{"line":3,"column":0},"end":{"line":3,"column":0}},"3":{"start":{"line":4,"column":0},"end":{"line":4,"column":53}},"4":{"start":{"line":5,"column":0},"end":{"line":5,"column":46}},"5":{"start":{"line":6,"column":0},"end":{"line":6,"column":0}},"6":{"start":{"line":7,"column":0},"end":{"line":7,"column":3}},"7":{"start":{"line":8,"column":0},"end":{"line":8,"column":53}},"8":{"start":{"line":9,"column":0},"end":{"line":9,"column":2}},"9":{"start":{"line":10,"column":0},"end":{"line":10,"column":82}},"10":{"start":{"line":11,"column":0},"end":{"line":11,"column":84}},"11":{"start":{"line":12,"column":0},"end":{"line":12,"column":2}},"12":{"start":{"line":13,"column":0},"end":{"line":13,"column":24}},"13":{"start":{"line":14,"column":0},"end":{"line":14,"column":9}},"14":{"start":{"line":15,"column":0},"end":{"line":15,"column":67}},"15":{"start":{"line":16,"column":0},"end":{"line":16,"column":6}},"16":{"start":{"line":17,"column":0},"end":{"line":17,"column":2}},"17":{"start":{"line":18,"column":0},"end":{"line":18,"column":27}},"18":{"start":{"line":19,"column":0},"end":{"line":19,"column":9}},"19":{"start":{"line":20,"column":0},"end":{"line":20,"column":29}},"20":{"start":{"line":21,"column":0},"end":{"line":21,"column":22}},"21":{"start":{"line":22,"column":0},"end":{"line":22,"column":36}},"22":{"start":{"line":23,"column":0},"end":{"line":23,"column":5}},"23":{"start":{"line":24,"column":0},"end":{"line":24,"column":6}},"24":{"start":{"line":25,"column":0},"end":{"line":25,"column":2}},"25":{"start":{"line":26,"column":0},"end":{"line":26,"column":31}},"26":{"start":{"line":27,"column":0},"end":{"line":27,"column":9}},"27":{"start":{"line":28,"column":0},"end":{"line":28,"column":73}},"28":{"start":{"line":29,"column":0},"end":{"line":29,"column":6}},"29":{"start":{"line":30,"column":0},"end":{"line":30,"column":2}},"30":{"start":{"line":31,"column":0},"end":{"line":31,"column":36}},"31":{"start":{"line":32,"column":0},"end":{"line":32,"column":9}},"32":{"start":{"line":33,"column":0},"end":{"line":33,"column":43}},"33":{"start":{"line":34,"column":0},"end":{"line":34,"column":6}},"34":{"start":{"line":35,"column":0},"end":{"line":35,"column":2}},"35":{"start":{"line":36,"column":0},"end":{"line":36,"column":73}},"36":{"start":{"line":37,"column":0},"end":{"line":37,"column":91}},"37":{"start":{"line":38,"column":0},"end":{"line":38,"column":122}},"38":{"start":{"line":39,"column":0},"end":{"line":39,"column":30}},"39":{"start":{"line":40,"column":0},"end":{"line":40,"column":3}},"40":{"start":{"line":41,"column":0},"end":{"line":41,"column":59}},"41":{"start":{"line":42,"column":0},"end":{"line":42,"column":66}},"42":{"start":{"line":43,"column":0},"end":{"line":43,"column":39}},"43":{"start":{"line":44,"column":0},"end":{"line":44,"column":47}},"44":{"start":{"line":45,"column":0},"end":{"line":45,"column":23}},"45":{"start":{"line":46,"column":0},"end":{"line":46,"column":41}},"46":{"start":{"line":47,"column":0},"end":{"line":47,"column":32}},"47":{"start":{"line":48,"column":0},"end":{"line":48,"column":13}},"48":{"start":{"line":49,"column":0},"end":{"line":49,"column":42}},"49":{"start":{"line":50,"column":0},"end":{"line":50,"column":28}},"50":{"start":{"line":51,"column":0},"end":{"line":51,"column":46}},"51":{"start":{"line":52,"column":0},"end":{"line":52,"column":11}},"52":{"start":{"line":53,"column":0},"end":{"line":53,"column":2}},"53":{"start":{"line":54,"column":0},"end":{"line":54,"column":18}},"54":{"start":{"line":55,"column":0},"end":{"line":55,"column":13}},"55":{"start":{"line":56,"column":0},"end":{"line":56,"column":16}},"56":{"start":{"line":57,"column":0},"end":{"line":57,"column":74}},"57":{"start":{"line":58,"column":0},"end":{"line":58,"column":5}},"58":{"start":{"line":59,"column":0},"end":{"line":59,"column":17}},"59":{"start":{"line":60,"column":0},"end":{"line":60,"column":32}},"60":{"start":{"line":61,"column":0},"end":{"line":61,"column":13}},"61":{"start":{"line":62,"column":0},"end":{"line":62,"column":17}},"62":{"start":{"line":63,"column":0},"end":{"line":63,"column":28}},"63":{"start":{"line":64,"column":0},"end":{"line":64,"column":52}},"64":{"start":{"line":65,"column":0},"end":{"line":65,"column":21}},"65":{"start":{"line":66,"column":0},"end":{"line":66,"column":26}},"66":{"start":{"line":67,"column":0},"end":{"line":67,"column":8}},"67":{"start":{"line":68,"column":0},"end":{"line":68,"column":44}},"68":{"start":{"line":69,"column":0},"end":{"line":69,"column":80}},"69":{"start":{"line":70,"column":0},"end":{"line":70,"column":0}},"70":{"start":{"line":71,"column":0},"end":{"line":71,"column":46}},"71":{"start":{"line":72,"column":0},"end":{"line":72,"column":74}},"72":{"start":{"line":73,"column":0},"end":{"line":73,"column":0}},"73":{"start":{"line":74,"column":0},"end":{"line":74,"column":52}},"74":{"start":{"line":75,"column":0},"end":{"line":75,"column":46}},"75":{"start":{"line":76,"column":0},"end":{"line":76,"column":0}},"76":{"start":{"line":77,"column":0},"end":{"line":77,"column":72}},"77":{"start":{"line":78,"column":0},"end":{"line":78,"column":41}},"78":{"start":{"line":79,"column":0},"end":{"line":79,"column":51}},"79":{"start":{"line":80,"column":0},"end":{"line":80,"column":61}},"80":{"start":{"line":81,"column":0},"end":{"line":81,"column":65}},"81":{"start":{"line":82,"column":0},"end":{"line":82,"column":0}},"82":{"start":{"line":83,"column":0},"end":{"line":83,"column":69}},"83":{"start":{"line":84,"column":0},"end":{"line":84,"column":8}},"84":{"start":{"line":85,"column":0},"end":{"line":85,"column":43}},"85":{"start":{"line":86,"column":0},"end":{"line":86,"column":49}},"86":{"start":{"line":87,"column":0},"end":{"line":87,"column":7}},"87":{"start":{"line":88,"column":0},"end":{"line":88,"column":34}},"88":{"start":{"line":89,"column":0},"end":{"line":89,"column":5}},"89":{"start":{"line":90,"column":0},"end":{"line":90,"column":37}},"90":{"start":{"line":91,"column":0},"end":{"line":91,"column":21}},"91":{"start":{"line":92,"column":0},"end":{"line":92,"column":55}},"92":{"start":{"line":93,"column":0},"end":{"line":93,"column":0}},"93":{"start":{"line":94,"column":0},"end":{"line":94,"column":64}},"94":{"start":{"line":95,"column":0},"end":{"line":95,"column":32}},"95":{"start":{"line":96,"column":0},"end":{"line":96,"column":36}},"96":{"start":{"line":97,"column":0},"end":{"line":97,"column":66}},"97":{"start":{"line":98,"column":0},"end":{"line":98,"column":54}},"98":{"start":{"line":99,"column":0},"end":{"line":99,"column":6}},"99":{"start":{"line":100,"column":0},"end":{"line":100,"column":30}},"100":{"start":{"line":101,"column":0},"end":{"line":101,"column":4}},"101":{"start":{"line":102,"column":0},"end":{"line":102,"column":0}},"102":{"start":{"line":103,"column":0},"end":{"line":103,"column":54}},"103":{"start":{"line":104,"column":0},"end":{"line":104,"column":67}},"104":{"start":{"line":105,"column":0},"end":{"line":105,"column":1}}},"s":{"0":1,"1":1,"2":1,"3":1,"4":1,"5":1,"6":1,"7":1,"8":1,"9":1,"10":1,"11":1,"12":1,"13":1,"14":1,"15":1,"16":1,"17":1,"18":1,"19":1,"20":1,"21":1,"22":1,"23":1,"24":1,"25":1,"26":1,"27":1,"28":1,"29":1,"30":1,"31":1,"32":1,"33":1,"34":1,"35":1,"36":1,"37":1,"38":1,"39":1,"40":1,"41":1,"42":1,"43":1,"44":1,"45":1,"46":1,"47":1,"48":1,"49":1,"50":1,"51":1,"52":1,"53":1,"54":1,"55":1,"56":1,"57":1,"58":1,"59":1,"60":1,"61":1,"62":1,"63":45,"64":45,"65":45,"66":45,"67":45,"68":45,"69":45,"70":45,"71":45,"72":45,"73":45,"74":45,"75":45,"76":45,"77":45,"78":136,"79":136,"80":136,"81":136,"82":136,"83":136,"84":136,"85":120,"86":136,"87":108,"88":108,"89":28,"90":28,"91":45,"92":45,"93":45,"94":45,"95":45,"96":16,"97":16,"98":16,"99":45,"100":45,"101":45,"102":45,"103":45,"104":45},"branchMap":{"0":{"type":"branch","line":63,"loc":{"start":{"line":63,"column":7},"end":{"line":105,"column":1}},"locations":[{"start":{"line":63,"column":7},"end":{"line":105,"column":1}}]},"1":{"type":"branch","line":69,"loc":{"start":{"line":69,"column":44},"end":{"line":69,"column":64}},"locations":[{"start":{"line":69,"column":44},"end":{"line":69,"column":64}}]},"2":{"type":"branch","line":69,"loc":{"start":{"line":69,"column":48},"end":{"line":69,"column":80}},"locations":[{"start":{"line":69,"column":48},"end":{"line":69,"column":80}}]},"3":{"type":"branch","line":72,"loc":{"start":{"line":72,"column":29},"end":{"line":72,"column":62}},"locations":[{"start":{"line":72,"column":29},"end":{"line":72,"column":62}}]},"4":{"type":"branch","line":78,"loc":{"start":{"line":78,"column":34},"end":{"line":92,"column":5}},"locations":[{"start":{"line":78,"column":34},"end":{"line":92,"column":5}}]},"5":{"type":"branch","line":81,"loc":{"start":{"line":81,"column":22},"end":{"line":81,"column":55}},"locations":[{"start":{"line":81,"column":22},"end":{"line":81,"column":55}}]},"6":{"type":"branch","line":81,"loc":{"start":{"line":81,"column":51},"end":{"line":81,"column":65}},"locations":[{"start":{"line":81,"column":51},"end":{"line":81,"column":65}}]},"7":{"type":"branch","line":85,"loc":{"start":{"line":85,"column":31},"end":{"line":86,"column":49}},"locations":[{"start":{"line":85,"column":31},"end":{"line":86,"column":49}}]},"8":{"type":"branch","line":87,"loc":{"start":{"line":87,"column":6},"end":{"line":89,"column":5}},"locations":[{"start":{"line":87,"column":6},"end":{"line":89,"column":5}}]},"9":{"type":"branch","line":89,"loc":{"start":{"line":89,"column":4},"end":{"line":91,"column":21}},"locations":[{"start":{"line":89,"column":4},"end":{"line":91,"column":21}}]},"10":{"type":"branch","line":79,"loc":{"start":{"line":79,"column":30},"end":{"line":79,"column":49}},"locations":[{"start":{"line":79,"column":30},"end":{"line":79,"column":49}}]},"11":{"type":"branch","line":96,"loc":{"start":{"line":96,"column":4},"end":{"line":99,"column":6}},"locations":[{"start":{"line":96,"column":4},"end":{"line":99,"column":6}}]},"12":{"type":"branch","line":97,"loc":{"start":{"line":97,"column":32},"end":{"line":97,"column":64}},"locations":[{"start":{"line":97,"column":32},"end":{"line":97,"column":64}}]},"13":{"type":"branch","line":98,"loc":{"start":{"line":98,"column":13},"end":{"line":98,"column":54}},"locations":[{"start":{"line":98,"column":13},"end":{"line":98,"column":54}}]},"14":{"type":"branch","line":98,"loc":{"start":{"line":98,"column":34},"end":{"line":98,"column":52}},"locations":[{"start":{"line":98,"column":34},"end":{"line":98,"column":52}}]}},"b":{"0":[45],"1":[9],"2":[36],"3":[24],"4":[136],"5":[118],"6":[18],"7":[120],"8":[108],"9":[28],"10":[164],"11":[16],"12":[18],"13":[2],"14":[2]},"fnMap":{"0":{"name":"useSelector","decl":{"start":{"line":63,"column":7},"end":{"line":105,"column":1}},"loc":{"start":{"line":63,"column":7},"end":{"line":105,"column":1}},"line":63}},"f":{"0":45}}
}
